<?xml version="1.0" encoding="UTF-8"?>
<Site BuildName="Linux-g++"
	BuildStamp="20260409-0009-Experimental"
	Name="ThatsAMistake"
	Generator="ctest-3.28.3"
	CompilerName="/usr/bin/g++"
	CompilerVersion="13.3.0"
	OSName="Linux"
	Hostname="ThatsAMistake"
	OSRelease="6.6.87.2-microsoft-standard-WSL2"
	OSVersion="#1 SMP PREEMPT_DYNAMIC Thu Jun  5 18:30:46 UTC 2025"
	OSPlatform="x86_64"
	Is64Bits="1"
	VendorString="AuthenticAMD"
	VendorID="Advanced Micro Devices"
	FamilyID="25"
	ModelID="68"
	ProcessorCacheSize="512"
	NumberOfLogicalCPU="16"
	NumberOfPhysicalCPU="8"
	TotalVirtualMemory="2048"
	TotalPhysicalMemory="7558"
	LogicalProcessorsPerPhysical="2"
	ProcessorClockFrequency="3194"
	>
	<Testing>
		<StartDateTime>Apr 09 23:59 CST</StartDateTime>
		<StartTestTime>1775750368</StartTestTime>
		<TestList>
			<Test>./MoveBehaviorTest.PursuitTriggersOnOpponentSwitch</Test>
		</TestList>
		<Test Status="passed">
			<Name>MoveBehaviorTest.PursuitTriggersOnOpponentSwitch</Name>
			<Path>.</Path>
			<FullName>./MoveBehaviorTest.PursuitTriggersOnOpponentSwitch</FullName>
			<FullCommandLine>/home/qzz/PokemonSimulator/build/PokemonSimulatorTests "--gtest_filter=MoveBehaviorTest.PursuitTriggersOnOpponentSwitch" "--gtest_also_run_disabled_tests"</FullCommandLine>
			<Results>
				<NamedMeasurement type="numeric/double" name="Execution Time">
					<Value>0.0143773</Value>
				</NamedMeasurement>
				<NamedMeasurement type="numeric/double" name="Processors">
					<Value>1</Value>
				</NamedMeasurement>
				<NamedMeasurement type="text/string" name="Completion Status">
					<Value>Completed</Value>
				</NamedMeasurement>
				<NamedMeasurement type="text/string" name="Command Line">
					<Value>/home/qzz/PokemonSimulator/build/PokemonSimulatorTests "--gtest_filter=MoveBehaviorTest.PursuitTriggersOnOpponentSwitch" "--gtest_also_run_disabled_tests"</Value>
				</NamedMeasurement>
				<NamedMeasurement type="text/string" name="Environment">
					<Value>#CTEST_RESOURCE_GROUP_COUNT=</Value>
				</NamedMeasurement>
				<Measurement>
					<Value encoding="base64" compression="gzip">eJydUE1rAjEQvedXzFEPu6HQU8FDS4uHUl127UlE4jquoUlmm0xW8Nd3P0RUKIhzmmHee/Pm5dE57SqwSrvRGHaeLMg9WZS/x6PM6ActuULbaBSTl5uozVaut1gHWRFVBhkDJ8GXF6Psx65bd7JpWYoZMb7AtIfAot3AThtGDxP4ogbfcK8aTb7bpFn0IWpeeF1V6MPczeuaHDouDprLvVhOzrWC/OT/CbhX7fyf+k4EU7FMzrWCqaGNMsMeXaM9OdsqQ0BOYn0DvtS8dSmWkH/PoK/VAz8MTJh/PsCG0TPYML7f7EAAJlZmLO5LhFH5ZEsHd533fzmDVy69vtP+mL0Wxcd7l9CATcUfoljR6Q==</Value>
				</Measurement>
			</Results>
		</Test>
		<EndDateTime>Apr 09 23:59 CST</EndDateTime>
		<EndTestTime>1775750368</EndTestTime>
		<ElapsedMinutes>0</ElapsedMinutes>
	</Testing>
</Site>
