Start testing: May 15 00:11 CST
----------------------------------------------------------
1/172 Testing: MoveDataTest.ProtectMoveLoadedWithExpectedEffect
1/172 Test: MoveDataTest.ProtectMoveLoadedWithExpectedEffect
Command: "/home/qzz/PokemonSimulator/build/PokemonSimulatorTests" "--gtest_filter=MoveDataTest.ProtectMoveLoadedWithExpectedEffect" "--gtest_also_run_disabled_tests"
Directory: /home/qzz/PokemonSimulator/build
"MoveDataTest.ProtectMoveLoadedWithExpectedEffect" start time: May 15 00:11 CST
Output:
----------------------------------------------------------
Running main() from /home/qzz/PokemonSimulator/build/_deps/googletest-src/googletest/src/gtest_main.cc
Note: Google Test filter = MoveDataTest.ProtectMoveLoadedWithExpectedEffect
[==========] Running 1 test from 1 test suite.
[----------] Global test environment set-up.
[----------] 1 test from MoveDataTest
[ RUN      ] MoveDataTest.ProtectMoveLoadedWithExpectedEffect
[       OK ] MoveDataTest.ProtectMoveLoadedWithExpectedEffect (6 ms)
[----------] 1 test from MoveDataTest (6 ms total)

[----------] Global test environment tear-down
[==========] 1 test from 1 test suite ran. (6 ms total)
[  PASSED  ] 1 test.
<end of output>
Test time =   0.02 sec
----------------------------------------------------------
Test Passed.
"MoveDataTest.ProtectMoveLoadedWithExpectedEffect" end time: May 15 00:11 CST
"MoveDataTest.ProtectMoveLoadedWithExpectedEffect" time elapsed: 00:00:00
----------------------------------------------------------

2/172 Testing: MoveDataTest.QuickAttackLoadedWithPriorityAndTarget
2/172 Test: MoveDataTest.QuickAttackLoadedWithPriorityAndTarget
Command: "/home/qzz/PokemonSimulator/build/PokemonSimulatorTests" "--gtest_filter=MoveDataTest.QuickAttackLoadedWithPriorityAndTarget" "--gtest_also_run_disabled_tests"
Directory: /home/qzz/PokemonSimulator/build
"MoveDataTest.QuickAttackLoadedWithPriorityAndTarget" start time: May 15 00:11 CST
Output:
----------------------------------------------------------
Running main() from /home/qzz/PokemonSimulator/build/_deps/googletest-src/googletest/src/gtest_main.cc
Note: Google Test filter = MoveDataTest.QuickAttackLoadedWithPriorityAndTarget
[==========] Running 1 test from 1 test suite.
[----------] Global test environment set-up.
[----------] 1 test from MoveDataTest
[ RUN      ] MoveDataTest.QuickAttackLoadedWithPriorityAndTarget
[       OK ] MoveDataTest.QuickAttackLoadedWithPriorityAndTarget (11 ms)
[----------] 1 test from MoveDataTest (11 ms total)

[----------] Global test environment tear-down
[==========] 1 test from 1 test suite ran. (12 ms total)
[  PASSED  ] 1 test.
<end of output>
Test time =   0.02 sec
----------------------------------------------------------
Test Passed.
"MoveDataTest.QuickAttackLoadedWithPriorityAndTarget" end time: May 15 00:11 CST
"MoveDataTest.QuickAttackLoadedWithPriorityAndTarget" time elapsed: 00:00:00
----------------------------------------------------------

3/172 Testing: MoveDataTest.DragonDanceLoadedWithSelfTarget
3/172 Test: MoveDataTest.DragonDanceLoadedWithSelfTarget
Command: "/home/qzz/PokemonSimulator/build/PokemonSimulatorTests" "--gtest_filter=MoveDataTest.DragonDanceLoadedWithSelfTarget" "--gtest_also_run_disabled_tests"
Directory: /home/qzz/PokemonSimulator/build
"MoveDataTest.DragonDanceLoadedWithSelfTarget" start time: May 15 00:11 CST
Output:
----------------------------------------------------------
Running main() from /home/qzz/PokemonSimulator/build/_deps/googletest-src/googletest/src/gtest_main.cc
Note: Google Test filter = MoveDataTest.DragonDanceLoadedWithSelfTarget
[==========] Running 1 test from 1 test suite.
[----------] Global test environment set-up.
[----------] 1 test from MoveDataTest
[ RUN      ] MoveDataTest.DragonDanceLoadedWithSelfTarget
[       OK ] MoveDataTest.DragonDanceLoadedWithSelfTarget (9 ms)
[----------] 1 test from MoveDataTest (9 ms total)

[----------] Global test environment tear-down
[==========] 1 test from 1 test suite ran. (9 ms total)
[  PASSED  ] 1 test.
<end of output>
Test time =   0.02 sec
----------------------------------------------------------
Test Passed.
"MoveDataTest.DragonDanceLoadedWithSelfTarget" end time: May 15 00:11 CST
"MoveDataTest.DragonDanceLoadedWithSelfTarget" time elapsed: 00:00:00
----------------------------------------------------------

4/172 Testing: AbilityDataTest.BlazeNameMapsToBlazeType
4/172 Test: AbilityDataTest.BlazeNameMapsToBlazeType
Command: "/home/qzz/PokemonSimulator/build/PokemonSimulatorTests" "--gtest_filter=AbilityDataTest.BlazeNameMapsToBlazeType" "--gtest_also_run_disabled_tests"
Directory: /home/qzz/PokemonSimulator/build
"AbilityDataTest.BlazeNameMapsToBlazeType" start time: May 15 00:11 CST
Output:
----------------------------------------------------------
Running main() from /home/qzz/PokemonSimulator/build/_deps/googletest-src/googletest/src/gtest_main.cc
Note: Google Test filter = AbilityDataTest.BlazeNameMapsToBlazeType
[==========] Running 1 test from 1 test suite.
[----------] Global test environment set-up.
[----------] 1 test from AbilityDataTest
[ RUN      ] AbilityDataTest.BlazeNameMapsToBlazeType
[       OK ] AbilityDataTest.BlazeNameMapsToBlazeType (0 ms)
[----------] 1 test from AbilityDataTest (1 ms total)

[----------] Global test environment tear-down
[==========] 1 test from 1 test suite ran. (1 ms total)
[  PASSED  ] 1 test.
<end of output>
Test time =   0.01 sec
----------------------------------------------------------
Test Passed.
"AbilityDataTest.BlazeNameMapsToBlazeType" end time: May 15 00:11 CST
"AbilityDataTest.BlazeNameMapsToBlazeType" time elapsed: 00:00:00
----------------------------------------------------------

5/172 Testing: AbilityDataTest.AbilityFactoryUsesCanonicalAbilityData
5/172 Test: AbilityDataTest.AbilityFactoryUsesCanonicalAbilityData
Command: "/home/qzz/PokemonSimulator/build/PokemonSimulatorTests" "--gtest_filter=AbilityDataTest.AbilityFactoryUsesCanonicalAbilityData" "--gtest_also_run_disabled_tests"
Directory: /home/qzz/PokemonSimulator/build
"AbilityDataTest.AbilityFactoryUsesCanonicalAbilityData" start time: May 15 00:11 CST
Output:
----------------------------------------------------------
Running main() from /home/qzz/PokemonSimulator/build/_deps/googletest-src/googletest/src/gtest_main.cc
Note: Google Test filter = AbilityDataTest.AbilityFactoryUsesCanonicalAbilityData
[==========] Running 1 test from 1 test suite.
[----------] Global test environment set-up.
[----------] 1 test from AbilityDataTest
[ RUN      ] AbilityDataTest.AbilityFactoryUsesCanonicalAbilityData
[       OK ] AbilityDataTest.AbilityFactoryUsesCanonicalAbilityData (77 ms)
[----------] 1 test from AbilityDataTest (77 ms total)

[----------] Global test environment tear-down
[==========] 1 test from 1 test suite ran. (77 ms total)
[  PASSED  ] 1 test.
<end of output>
Test time =   0.09 sec
----------------------------------------------------------
Test Passed.
"AbilityDataTest.AbilityFactoryUsesCanonicalAbilityData" end time: May 15 00:11 CST
"AbilityDataTest.AbilityFactoryUsesCanonicalAbilityData" time elapsed: 00:00:00
----------------------------------------------------------

6/172 Testing: AbilityDataTest.AbilityFactoryPopulatesImmunityMetadata
6/172 Test: AbilityDataTest.AbilityFactoryPopulatesImmunityMetadata
Command: "/home/qzz/PokemonSimulator/build/PokemonSimulatorTests" "--gtest_filter=AbilityDataTest.AbilityFactoryPopulatesImmunityMetadata" "--gtest_also_run_disabled_tests"
Directory: /home/qzz/PokemonSimulator/build
"AbilityDataTest.AbilityFactoryPopulatesImmunityMetadata" start time: May 15 00:11 CST
Output:
----------------------------------------------------------
Running main() from /home/qzz/PokemonSimulator/build/_deps/googletest-src/googletest/src/gtest_main.cc
Note: Google Test filter = AbilityDataTest.AbilityFactoryPopulatesImmunityMetadata
[==========] Running 1 test from 1 test suite.
[----------] Global test environment set-up.
[----------] 1 test from AbilityDataTest
[ RUN      ] AbilityDataTest.AbilityFactoryPopulatesImmunityMetadata
[       OK ] AbilityDataTest.AbilityFactoryPopulatesImmunityMetadata (75 ms)
[----------] 1 test from AbilityDataTest (75 ms total)

[----------] Global test environment tear-down
[==========] 1 test from 1 test suite ran. (75 ms total)
[  PASSED  ] 1 test.
<end of output>
Test time =   0.08 sec
----------------------------------------------------------
Test Passed.
"AbilityDataTest.AbilityFactoryPopulatesImmunityMetadata" end time: May 15 00:11 CST
"AbilityDataTest.AbilityFactoryPopulatesImmunityMetadata" time elapsed: 00:00:00
----------------------------------------------------------

7/172 Testing: AbilityDataTest.AbilityFactoryPopulatesModifierAndTriggerMetadata
7/172 Test: AbilityDataTest.AbilityFactoryPopulatesModifierAndTriggerMetadata
Command: "/home/qzz/PokemonSimulator/build/PokemonSimulatorTests" "--gtest_filter=AbilityDataTest.AbilityFactoryPopulatesModifierAndTriggerMetadata" "--gtest_also_run_disabled_tests"
Directory: /home/qzz/PokemonSimulator/build
"AbilityDataTest.AbilityFactoryPopulatesModifierAndTriggerMetadata" start time: May 15 00:11 CST
Output:
----------------------------------------------------------
Running main() from /home/qzz/PokemonSimulator/build/_deps/googletest-src/googletest/src/gtest_main.cc
Note: Google Test filter = AbilityDataTest.AbilityFactoryPopulatesModifierAndTriggerMetadata
[==========] Running 1 test from 1 test suite.
[----------] Global test environment set-up.
[----------] 1 test from AbilityDataTest
[ RUN      ] AbilityDataTest.AbilityFactoryPopulatesModifierAndTriggerMetadata
[       OK ] AbilityDataTest.AbilityFactoryPopulatesModifierAndTriggerMetadata (72 ms)
[----------] 1 test from AbilityDataTest (72 ms total)

[----------] Global test environment tear-down
[==========] 1 test from 1 test suite ran. (72 ms total)
[  PASSED  ] 1 test.
<end of output>
Test time =   0.08 sec
----------------------------------------------------------
Test Passed.
"AbilityDataTest.AbilityFactoryPopulatesModifierAndTriggerMetadata" end time: May 15 00:11 CST
"AbilityDataTest.AbilityFactoryPopulatesModifierAndTriggerMetadata" time elapsed: 00:00:00
----------------------------------------------------------

8/172 Testing: AbilityDataTest.AbilityFactoryPopulatesEntryAndExitTriggers
8/172 Test: AbilityDataTest.AbilityFactoryPopulatesEntryAndExitTriggers
Command: "/home/qzz/PokemonSimulator/build/PokemonSimulatorTests" "--gtest_filter=AbilityDataTest.AbilityFactoryPopulatesEntryAndExitTriggers" "--gtest_also_run_disabled_tests"
Directory: /home/qzz/PokemonSimulator/build
"AbilityDataTest.AbilityFactoryPopulatesEntryAndExitTriggers" start time: May 15 00:11 CST
Output:
----------------------------------------------------------
Running main() from /home/qzz/PokemonSimulator/build/_deps/googletest-src/googletest/src/gtest_main.cc
Note: Google Test filter = AbilityDataTest.AbilityFactoryPopulatesEntryAndExitTriggers
[==========] Running 1 test from 1 test suite.
[----------] Global test environment set-up.
[----------] 1 test from AbilityDataTest
[ RUN      ] AbilityDataTest.AbilityFactoryPopulatesEntryAndExitTriggers
[       OK ] AbilityDataTest.AbilityFactoryPopulatesEntryAndExitTriggers (79 ms)
[----------] 1 test from AbilityDataTest (79 ms total)

[----------] Global test environment tear-down
[==========] 1 test from 1 test suite ran. (79 ms total)
[  PASSED  ] 1 test.
<end of output>
Test time =   0.09 sec
----------------------------------------------------------
Test Passed.
"AbilityDataTest.AbilityFactoryPopulatesEntryAndExitTriggers" end time: May 15 00:11 CST
"AbilityDataTest.AbilityFactoryPopulatesEntryAndExitTriggers" time elapsed: 00:00:00
----------------------------------------------------------

9/172 Testing: AbilityDataTest.EntryAndExitAbilityTriggersMutateBattleState
9/172 Test: AbilityDataTest.EntryAndExitAbilityTriggersMutateBattleState
Command: "/home/qzz/PokemonSimulator/build/PokemonSimulatorTests" "--gtest_filter=AbilityDataTest.EntryAndExitAbilityTriggersMutateBattleState" "--gtest_also_run_disabled_tests"
Directory: /home/qzz/PokemonSimulator/build
"AbilityDataTest.EntryAndExitAbilityTriggersMutateBattleState" start time: May 15 00:11 CST
Output:
----------------------------------------------------------
Running main() from /home/qzz/PokemonSimulator/build/_deps/googletest-src/googletest/src/gtest_main.cc
Note: Google Test filter = AbilityDataTest.EntryAndExitAbilityTriggersMutateBattleState
[==========] Running 1 test from 1 test suite.
[----------] Global test environment set-up.
[----------] 1 test from AbilityDataTest
[ RUN      ] AbilityDataTest.EntryAndExitAbilityTriggersMutateBattleState
[       OK ] AbilityDataTest.EntryAndExitAbilityTriggersMutateBattleState (84 ms)
[----------] 1 test from AbilityDataTest (84 ms total)

[----------] Global test environment tear-down
[==========] 1 test from 1 test suite ran. (84 ms total)
[  PASSED  ] 1 test.
<end of output>
Test time =   0.09 sec
----------------------------------------------------------
Test Passed.
"AbilityDataTest.EntryAndExitAbilityTriggersMutateBattleState" end time: May 15 00:11 CST
"AbilityDataTest.EntryAndExitAbilityTriggersMutateBattleState" time elapsed: 00:00:00
----------------------------------------------------------

10/172 Testing: AbilityDataTest.ResolveTypeImmunityUsesAbilityDefinition
10/172 Test: AbilityDataTest.ResolveTypeImmunityUsesAbilityDefinition
Command: "/home/qzz/PokemonSimulator/build/PokemonSimulatorTests" "--gtest_filter=AbilityDataTest.ResolveTypeImmunityUsesAbilityDefinition" "--gtest_also_run_disabled_tests"
Directory: /home/qzz/PokemonSimulator/build
"AbilityDataTest.ResolveTypeImmunityUsesAbilityDefinition" start time: May 15 00:11 CST
Output:
----------------------------------------------------------
Running main() from /home/qzz/PokemonSimulator/build/_deps/googletest-src/googletest/src/gtest_main.cc
Note: Google Test filter = AbilityDataTest.ResolveTypeImmunityUsesAbilityDefinition
[==========] Running 1 test from 1 test suite.
[----------] Global test environment set-up.
[----------] 1 test from AbilityDataTest
[ RUN      ] AbilityDataTest.ResolveTypeImmunityUsesAbilityDefinition
[       OK ] AbilityDataTest.ResolveTypeImmunityUsesAbilityDefinition (76 ms)
[----------] 1 test from AbilityDataTest (76 ms total)

[----------] Global test environment tear-down
[==========] 1 test from 1 test suite ran. (76 ms total)
[  PASSED  ] 1 test.
<end of output>
Test time =   0.09 sec
----------------------------------------------------------
Test Passed.
"AbilityDataTest.ResolveTypeImmunityUsesAbilityDefinition" end time: May 15 00:11 CST
"AbilityDataTest.ResolveTypeImmunityUsesAbilityDefinition" time elapsed: 00:00:00
----------------------------------------------------------

11/172 Testing: AbilityDataTest.ResolveStatusImmunityUsesAbilityDefinition
11/172 Test: AbilityDataTest.ResolveStatusImmunityUsesAbilityDefinition
Command: "/home/qzz/PokemonSimulator/build/PokemonSimulatorTests" "--gtest_filter=AbilityDataTest.ResolveStatusImmunityUsesAbilityDefinition" "--gtest_also_run_disabled_tests"
Directory: /home/qzz/PokemonSimulator/build
"AbilityDataTest.ResolveStatusImmunityUsesAbilityDefinition" start time: May 15 00:11 CST
Output:
----------------------------------------------------------
Running main() from /home/qzz/PokemonSimulator/build/_deps/googletest-src/googletest/src/gtest_main.cc
Note: Google Test filter = AbilityDataTest.ResolveStatusImmunityUsesAbilityDefinition
[==========] Running 1 test from 1 test suite.
[----------] Global test environment set-up.
[----------] 1 test from AbilityDataTest
[ RUN      ] AbilityDataTest.ResolveStatusImmunityUsesAbilityDefinition
[       OK ] AbilityDataTest.ResolveStatusImmunityUsesAbilityDefinition (72 ms)
[----------] 1 test from AbilityDataTest (72 ms total)

[----------] Global test environment tear-down
[==========] 1 test from 1 test suite ran. (72 ms total)
[  PASSED  ] 1 test.
<end of output>
Test time =   0.08 sec
----------------------------------------------------------
Test Passed.
"AbilityDataTest.ResolveStatusImmunityUsesAbilityDefinition" end time: May 15 00:11 CST
"AbilityDataTest.ResolveStatusImmunityUsesAbilityDefinition" time elapsed: 00:00:00
----------------------------------------------------------

12/172 Testing: AbilityDataTest.AbilityFlagHelpersExposeBattleRoutingRules
12/172 Test: AbilityDataTest.AbilityFlagHelpersExposeBattleRoutingRules
Command: "/home/qzz/PokemonSimulator/build/PokemonSimulatorTests" "--gtest_filter=AbilityDataTest.AbilityFlagHelpersExposeBattleRoutingRules" "--gtest_also_run_disabled_tests"
Directory: /home/qzz/PokemonSimulator/build
"AbilityDataTest.AbilityFlagHelpersExposeBattleRoutingRules" start time: May 15 00:11 CST
Output:
----------------------------------------------------------
Running main() from /home/qzz/PokemonSimulator/build/_deps/googletest-src/googletest/src/gtest_main.cc
Note: Google Test filter = AbilityDataTest.AbilityFlagHelpersExposeBattleRoutingRules
[==========] Running 1 test from 1 test suite.
[----------] Global test environment set-up.
[----------] 1 test from AbilityDataTest
[ RUN      ] AbilityDataTest.AbilityFlagHelpersExposeBattleRoutingRules
[       OK ] AbilityDataTest.AbilityFlagHelpersExposeBattleRoutingRules (76 ms)
[----------] 1 test from AbilityDataTest (76 ms total)

[----------] Global test environment tear-down
[==========] 1 test from 1 test suite ran. (76 ms total)
[  PASSED  ] 1 test.
<end of output>
Test time =   0.08 sec
----------------------------------------------------------
Test Passed.
"AbilityDataTest.AbilityFlagHelpersExposeBattleRoutingRules" end time: May 15 00:11 CST
"AbilityDataTest.AbilityFlagHelpersExposeBattleRoutingRules" time elapsed: 00:00:00
----------------------------------------------------------

13/172 Testing: AbilityDataTest.ApplyTypeImmunityBonusUsesAbilityDefinition
13/172 Test: AbilityDataTest.ApplyTypeImmunityBonusUsesAbilityDefinition
Command: "/home/qzz/PokemonSimulator/build/PokemonSimulatorTests" "--gtest_filter=AbilityDataTest.ApplyTypeImmunityBonusUsesAbilityDefinition" "--gtest_also_run_disabled_tests"
Directory: /home/qzz/PokemonSimulator/build
"AbilityDataTest.ApplyTypeImmunityBonusUsesAbilityDefinition" start time: May 15 00:11 CST
Output:
----------------------------------------------------------
Running main() from /home/qzz/PokemonSimulator/build/_deps/googletest-src/googletest/src/gtest_main.cc
Note: Google Test filter = AbilityDataTest.ApplyTypeImmunityBonusUsesAbilityDefinition
[==========] Running 1 test from 1 test suite.
[----------] Global test environment set-up.
[----------] 1 test from AbilityDataTest
[ RUN      ] AbilityDataTest.ApplyTypeImmunityBonusUsesAbilityDefinition
[       OK ] AbilityDataTest.ApplyTypeImmunityBonusUsesAbilityDefinition (71 ms)
[----------] 1 test from AbilityDataTest (71 ms total)

[----------] Global test environment tear-down
[==========] 1 test from 1 test suite ran. (71 ms total)
[  PASSED  ] 1 test.
<end of output>
Test time =   0.08 sec
----------------------------------------------------------
Test Passed.
"AbilityDataTest.ApplyTypeImmunityBonusUsesAbilityDefinition" end time: May 15 00:11 CST
"AbilityDataTest.ApplyTypeImmunityBonusUsesAbilityDefinition" time elapsed: 00:00:00
----------------------------------------------------------

14/172 Testing: BuildFromJsonTest.CharizardBuildHasFourMoves
14/172 Test: BuildFromJsonTest.CharizardBuildHasFourMoves
Command: "/home/qzz/PokemonSimulator/build/PokemonSimulatorTests" "--gtest_filter=BuildFromJsonTest.CharizardBuildHasFourMoves" "--gtest_also_run_disabled_tests"
Directory: /home/qzz/PokemonSimulator/build
"BuildFromJsonTest.CharizardBuildHasFourMoves" start time: May 15 00:11 CST
Output:
----------------------------------------------------------
Running main() from /home/qzz/PokemonSimulator/build/_deps/googletest-src/googletest/src/gtest_main.cc
Note: Google Test filter = BuildFromJsonTest.CharizardBuildHasFourMoves
[==========] Running 1 test from 1 test suite.
[----------] Global test environment set-up.
[----------] 1 test from BuildFromJsonTest
[ RUN      ] BuildFromJsonTest.CharizardBuildHasFourMoves
[       OK ] BuildFromJsonTest.CharizardBuildHasFourMoves (29 ms)
[----------] 1 test from BuildFromJsonTest (29 ms total)

[----------] Global test environment tear-down
[==========] 1 test from 1 test suite ran. (29 ms total)
[  PASSED  ] 1 test.
<end of output>
Test time =   0.04 sec
----------------------------------------------------------
Test Passed.
"BuildFromJsonTest.CharizardBuildHasFourMoves" end time: May 15 00:11 CST
"BuildFromJsonTest.CharizardBuildHasFourMoves" time elapsed: 00:00:00
----------------------------------------------------------

15/172 Testing: BuildFromJsonTest.SelfContainedPokemonJsonLoadsPokemonInstance
15/172 Test: BuildFromJsonTest.SelfContainedPokemonJsonLoadsPokemonInstance
Command: "/home/qzz/PokemonSimulator/build/PokemonSimulatorTests" "--gtest_filter=BuildFromJsonTest.SelfContainedPokemonJsonLoadsPokemonInstance" "--gtest_also_run_disabled_tests"
Directory: /home/qzz/PokemonSimulator/build
"BuildFromJsonTest.SelfContainedPokemonJsonLoadsPokemonInstance" start time: May 15 00:11 CST
Output:
----------------------------------------------------------
Running main() from /home/qzz/PokemonSimulator/build/_deps/googletest-src/googletest/src/gtest_main.cc
Note: Google Test filter = BuildFromJsonTest.SelfContainedPokemonJsonLoadsPokemonInstance
[==========] Running 1 test from 1 test suite.
[----------] Global test environment set-up.
[----------] 1 test from BuildFromJsonTest
[ RUN      ] BuildFromJsonTest.SelfContainedPokemonJsonLoadsPokemonInstance
[       OK ] BuildFromJsonTest.SelfContainedPokemonJsonLoadsPokemonInstance (19 ms)
[----------] 1 test from BuildFromJsonTest (19 ms total)

[----------] Global test environment tear-down
[==========] 1 test from 1 test suite ran. (19 ms total)
[  PASSED  ] 1 test.
<end of output>
Test time =   0.03 sec
----------------------------------------------------------
Test Passed.
"BuildFromJsonTest.SelfContainedPokemonJsonLoadsPokemonInstance" end time: May 15 00:11 CST
"BuildFromJsonTest.SelfContainedPokemonJsonLoadsPokemonInstance" time elapsed: 00:00:00
----------------------------------------------------------

16/172 Testing: BattleLogicTest.ToxicPoisonEffectApplied
16/172 Test: BattleLogicTest.ToxicPoisonEffectApplied
Command: "/home/qzz/PokemonSimulator/build/PokemonSimulatorTests" "--gtest_filter=BattleLogicTest.ToxicPoisonEffectApplied" "--gtest_also_run_disabled_tests"
Directory: /home/qzz/PokemonSimulator/build
"BattleLogicTest.ToxicPoisonEffectApplied" start time: May 15 00:11 CST
Output:
----------------------------------------------------------
Running main() from /home/qzz/PokemonSimulator/build/_deps/googletest-src/googletest/src/gtest_main.cc
Note: Google Test filter = BattleLogicTest.ToxicPoisonEffectApplied
[==========] Running 1 test from 1 test suite.
[----------] Global test environment set-up.
[----------] 1 test from BattleLogicTest
[ RUN      ] BattleLogicTest.ToxicPoisonEffectApplied
[       OK ] BattleLogicTest.ToxicPoisonEffectApplied (73 ms)
[----------] 1 test from BattleLogicTest (73 ms total)

[----------] Global test environment tear-down
[==========] 1 test from 1 test suite ran. (73 ms total)
[  PASSED  ] 1 test.
<end of output>
Test time =   0.08 sec
----------------------------------------------------------
Test Passed.
"BattleLogicTest.ToxicPoisonEffectApplied" end time: May 15 00:11 CST
"BattleLogicTest.ToxicPoisonEffectApplied" time elapsed: 00:00:00
----------------------------------------------------------

17/172 Testing: BattleLogicTest.IntimidateLowersOpponentAttackStageOnEntry
17/172 Test: BattleLogicTest.IntimidateLowersOpponentAttackStageOnEntry
Command: "/home/qzz/PokemonSimulator/build/PokemonSimulatorTests" "--gtest_filter=BattleLogicTest.IntimidateLowersOpponentAttackStageOnEntry" "--gtest_also_run_disabled_tests"
Directory: /home/qzz/PokemonSimulator/build
"BattleLogicTest.IntimidateLowersOpponentAttackStageOnEntry" start time: May 15 00:11 CST
Output:
----------------------------------------------------------
Running main() from /home/qzz/PokemonSimulator/build/_deps/googletest-src/googletest/src/gtest_main.cc
Note: Google Test filter = BattleLogicTest.IntimidateLowersOpponentAttackStageOnEntry
[==========] Running 1 test from 1 test suite.
[----------] Global test environment set-up.
[----------] 1 test from BattleLogicTest
[ RUN      ] BattleLogicTest.IntimidateLowersOpponentAttackStageOnEntry
[       OK ] BattleLogicTest.IntimidateLowersOpponentAttackStageOnEntry (82 ms)
[----------] 1 test from BattleLogicTest (82 ms total)

[----------] Global test environment tear-down
[==========] 1 test from 1 test suite ran. (82 ms total)
[  PASSED  ] 1 test.
<end of output>
Test time =   0.09 sec
----------------------------------------------------------
Test Passed.
"BattleLogicTest.IntimidateLowersOpponentAttackStageOnEntry" end time: May 15 00:11 CST
"BattleLogicTest.IntimidateLowersOpponentAttackStageOnEntry" time elapsed: 00:00:00
----------------------------------------------------------

18/172 Testing: BattleLogicTest.MovePriorityOutranksSpeedInQueue
18/172 Test: BattleLogicTest.MovePriorityOutranksSpeedInQueue
Command: "/home/qzz/PokemonSimulator/build/PokemonSimulatorTests" "--gtest_filter=BattleLogicTest.MovePriorityOutranksSpeedInQueue" "--gtest_also_run_disabled_tests"
Directory: /home/qzz/PokemonSimulator/build
"BattleLogicTest.MovePriorityOutranksSpeedInQueue" start time: May 15 00:11 CST
Output:
----------------------------------------------------------
Running main() from /home/qzz/PokemonSimulator/build/_deps/googletest-src/googletest/src/gtest_main.cc
Note: Google Test filter = BattleLogicTest.MovePriorityOutranksSpeedInQueue
[==========] Running 1 test from 1 test suite.
[----------] Global test environment set-up.
[----------] 1 test from BattleLogicTest
[ RUN      ] BattleLogicTest.MovePriorityOutranksSpeedInQueue
[       OK ] BattleLogicTest.MovePriorityOutranksSpeedInQueue (8 ms)
[----------] 1 test from BattleLogicTest (8 ms total)

[----------] Global test environment tear-down
[==========] 1 test from 1 test suite ran. (9 ms total)
[  PASSED  ] 1 test.
<end of output>
Test time =   0.02 sec
----------------------------------------------------------
Test Passed.
"BattleLogicTest.MovePriorityOutranksSpeedInQueue" end time: May 15 00:11 CST
"BattleLogicTest.MovePriorityOutranksSpeedInQueue" time elapsed: 00:00:00
----------------------------------------------------------

19/172 Testing: BattleLogicTest.QueueTieUsesInsertionOrderForDeterminism
19/172 Test: BattleLogicTest.QueueTieUsesInsertionOrderForDeterminism
Command: "/home/qzz/PokemonSimulator/build/PokemonSimulatorTests" "--gtest_filter=BattleLogicTest.QueueTieUsesInsertionOrderForDeterminism" "--gtest_also_run_disabled_tests"
Directory: /home/qzz/PokemonSimulator/build
"BattleLogicTest.QueueTieUsesInsertionOrderForDeterminism" start time: May 15 00:11 CST
Output:
----------------------------------------------------------
Running main() from /home/qzz/PokemonSimulator/build/_deps/googletest-src/googletest/src/gtest_main.cc
Note: Google Test filter = BattleLogicTest.QueueTieUsesInsertionOrderForDeterminism
[==========] Running 1 test from 1 test suite.
[----------] Global test environment set-up.
[----------] 1 test from BattleLogicTest
[ RUN      ] BattleLogicTest.QueueTieUsesInsertionOrderForDeterminism
[       OK ] BattleLogicTest.QueueTieUsesInsertionOrderForDeterminism (5 ms)
[----------] 1 test from BattleLogicTest (5 ms total)

[----------] Global test environment tear-down
[==========] 1 test from 1 test suite ran. (5 ms total)
[  PASSED  ] 1 test.
<end of output>
Test time =   0.01 sec
----------------------------------------------------------
Test Passed.
"BattleLogicTest.QueueTieUsesInsertionOrderForDeterminism" end time: May 15 00:11 CST
"BattleLogicTest.QueueTieUsesInsertionOrderForDeterminism" time elapsed: 00:00:00
----------------------------------------------------------

20/172 Testing: BattleLogicTest.DragonDanceRaisesAttackAndSpeed
20/172 Test: BattleLogicTest.DragonDanceRaisesAttackAndSpeed
Command: "/home/qzz/PokemonSimulator/build/PokemonSimulatorTests" "--gtest_filter=BattleLogicTest.DragonDanceRaisesAttackAndSpeed" "--gtest_also_run_disabled_tests"
Directory: /home/qzz/PokemonSimulator/build
"BattleLogicTest.DragonDanceRaisesAttackAndSpeed" start time: May 15 00:11 CST
Output:
----------------------------------------------------------
Running main() from /home/qzz/PokemonSimulator/build/_deps/googletest-src/googletest/src/gtest_main.cc
Note: Google Test filter = BattleLogicTest.DragonDanceRaisesAttackAndSpeed
[==========] Running 1 test from 1 test suite.
[----------] Global test environment set-up.
[----------] 1 test from BattleLogicTest
[ RUN      ] BattleLogicTest.DragonDanceRaisesAttackAndSpeed
[       OK ] BattleLogicTest.DragonDanceRaisesAttackAndSpeed (79 ms)
[----------] 1 test from BattleLogicTest (79 ms total)

[----------] Global test environment tear-down
[==========] 1 test from 1 test suite ran. (79 ms total)
[  PASSED  ] 1 test.
<end of output>
Test time =   0.09 sec
----------------------------------------------------------
Test Passed.
"BattleLogicTest.DragonDanceRaisesAttackAndSpeed" end time: May 15 00:11 CST
"BattleLogicTest.DragonDanceRaisesAttackAndSpeed" time elapsed: 00:00:00
----------------------------------------------------------

21/172 Testing: AbilityBehaviorTest.InsomniaBlocksSleepStatus
21/172 Test: AbilityBehaviorTest.InsomniaBlocksSleepStatus
Command: "/home/qzz/PokemonSimulator/build/PokemonSimulatorTests" "--gtest_filter=AbilityBehaviorTest.InsomniaBlocksSleepStatus" "--gtest_also_run_disabled_tests"
Directory: /home/qzz/PokemonSimulator/build
"AbilityBehaviorTest.InsomniaBlocksSleepStatus" start time: May 15 00:11 CST
Output:
----------------------------------------------------------
Running main() from /home/qzz/PokemonSimulator/build/_deps/googletest-src/googletest/src/gtest_main.cc
Note: Google Test filter = AbilityBehaviorTest.InsomniaBlocksSleepStatus
[==========] Running 1 test from 1 test suite.
[----------] Global test environment set-up.
[----------] 1 test from AbilityBehaviorTest
[ RUN      ] AbilityBehaviorTest.InsomniaBlocksSleepStatus
[       OK ] AbilityBehaviorTest.InsomniaBlocksSleepStatus (70 ms)
[----------] 1 test from AbilityBehaviorTest (70 ms total)

[----------] Global test environment tear-down
[==========] 1 test from 1 test suite ran. (70 ms total)
[  PASSED  ] 1 test.
<end of output>
Test time =   0.08 sec
----------------------------------------------------------
Test Passed.
"AbilityBehaviorTest.InsomniaBlocksSleepStatus" end time: May 15 00:11 CST
"AbilityBehaviorTest.InsomniaBlocksSleepStatus" time elapsed: 00:00:00
----------------------------------------------------------

22/172 Testing: AbilityBehaviorTest.GutsBoostsPhysicalDamageWhileStatused
22/172 Test: AbilityBehaviorTest.GutsBoostsPhysicalDamageWhileStatused
Command: "/home/qzz/PokemonSimulator/build/PokemonSimulatorTests" "--gtest_filter=AbilityBehaviorTest.GutsBoostsPhysicalDamageWhileStatused" "--gtest_also_run_disabled_tests"
Directory: /home/qzz/PokemonSimulator/build
"AbilityBehaviorTest.GutsBoostsPhysicalDamageWhileStatused" start time: May 15 00:11 CST
Output:
----------------------------------------------------------
Running main() from /home/qzz/PokemonSimulator/build/_deps/googletest-src/googletest/src/gtest_main.cc
Note: Google Test filter = AbilityBehaviorTest.GutsBoostsPhysicalDamageWhileStatused
[==========] Running 1 test from 1 test suite.
[----------] Global test environment set-up.
[----------] 1 test from AbilityBehaviorTest
[ RUN      ] AbilityBehaviorTest.GutsBoostsPhysicalDamageWhileStatused
[       OK ] AbilityBehaviorTest.GutsBoostsPhysicalDamageWhileStatused (74 ms)
[----------] 1 test from AbilityBehaviorTest (74 ms total)

[----------] Global test environment tear-down
[==========] 1 test from 1 test suite ran. (74 ms total)
[  PASSED  ] 1 test.
<end of output>
Test time =   0.08 sec
----------------------------------------------------------
Test Passed.
"AbilityBehaviorTest.GutsBoostsPhysicalDamageWhileStatused" end time: May 15 00:11 CST
"AbilityBehaviorTest.GutsBoostsPhysicalDamageWhileStatused" time elapsed: 00:00:00
----------------------------------------------------------

23/172 Testing: AbilityBehaviorTest.HugePowerBoostsPhysicalDamage
23/172 Test: AbilityBehaviorTest.HugePowerBoostsPhysicalDamage
Command: "/home/qzz/PokemonSimulator/build/PokemonSimulatorTests" "--gtest_filter=AbilityBehaviorTest.HugePowerBoostsPhysicalDamage" "--gtest_also_run_disabled_tests"
Directory: /home/qzz/PokemonSimulator/build
"AbilityBehaviorTest.HugePowerBoostsPhysicalDamage" start time: May 15 00:11 CST
Output:
----------------------------------------------------------
Running main() from /home/qzz/PokemonSimulator/build/_deps/googletest-src/googletest/src/gtest_main.cc
Note: Google Test filter = AbilityBehaviorTest.HugePowerBoostsPhysicalDamage
[==========] Running 1 test from 1 test suite.
[----------] Global test environment set-up.
[----------] 1 test from AbilityBehaviorTest
[ RUN      ] AbilityBehaviorTest.HugePowerBoostsPhysicalDamage
[       OK ] AbilityBehaviorTest.HugePowerBoostsPhysicalDamage (84 ms)
[----------] 1 test from AbilityBehaviorTest (85 ms total)

[----------] Global test environment tear-down
[==========] 1 test from 1 test suite ran. (85 ms total)
[  PASSED  ] 1 test.
<end of output>
Test time =   0.09 sec
----------------------------------------------------------
Test Passed.
"AbilityBehaviorTest.HugePowerBoostsPhysicalDamage" end time: May 15 00:11 CST
"AbilityBehaviorTest.HugePowerBoostsPhysicalDamage" time elapsed: 00:00:00
----------------------------------------------------------

24/172 Testing: AbilityBehaviorTest.ThickFatReducesFireDamage
24/172 Test: AbilityBehaviorTest.ThickFatReducesFireDamage
Command: "/home/qzz/PokemonSimulator/build/PokemonSimulatorTests" "--gtest_filter=AbilityBehaviorTest.ThickFatReducesFireDamage" "--gtest_also_run_disabled_tests"
Directory: /home/qzz/PokemonSimulator/build
"AbilityBehaviorTest.ThickFatReducesFireDamage" start time: May 15 00:11 CST
Output:
----------------------------------------------------------
Running main() from /home/qzz/PokemonSimulator/build/_deps/googletest-src/googletest/src/gtest_main.cc
Note: Google Test filter = AbilityBehaviorTest.ThickFatReducesFireDamage
[==========] Running 1 test from 1 test suite.
[----------] Global test environment set-up.
[----------] 1 test from AbilityBehaviorTest
[ RUN      ] AbilityBehaviorTest.ThickFatReducesFireDamage
[       OK ] AbilityBehaviorTest.ThickFatReducesFireDamage (75 ms)
[----------] 1 test from AbilityBehaviorTest (75 ms total)

[----------] Global test environment tear-down
[==========] 1 test from 1 test suite ran. (75 ms total)
[  PASSED  ] 1 test.
<end of output>
Test time =   0.09 sec
----------------------------------------------------------
Test Passed.
"AbilityBehaviorTest.ThickFatReducesFireDamage" end time: May 15 00:11 CST
"AbilityBehaviorTest.ThickFatReducesFireDamage" time elapsed: 00:00:00
----------------------------------------------------------

25/172 Testing: AbilityBehaviorTest.SapSipperAbsorbsGrassAndRaisesAttack
25/172 Test: AbilityBehaviorTest.SapSipperAbsorbsGrassAndRaisesAttack
Command: "/home/qzz/PokemonSimulator/build/PokemonSimulatorTests" "--gtest_filter=AbilityBehaviorTest.SapSipperAbsorbsGrassAndRaisesAttack" "--gtest_also_run_disabled_tests"
Directory: /home/qzz/PokemonSimulator/build
"AbilityBehaviorTest.SapSipperAbsorbsGrassAndRaisesAttack" start time: May 15 00:11 CST
Output:
----------------------------------------------------------
Running main() from /home/qzz/PokemonSimulator/build/_deps/googletest-src/googletest/src/gtest_main.cc
Note: Google Test filter = AbilityBehaviorTest.SapSipperAbsorbsGrassAndRaisesAttack
[==========] Running 1 test from 1 test suite.
[----------] Global test environment set-up.
[----------] 1 test from AbilityBehaviorTest
[ RUN      ] AbilityBehaviorTest.SapSipperAbsorbsGrassAndRaisesAttack
[       OK ] AbilityBehaviorTest.SapSipperAbsorbsGrassAndRaisesAttack (72 ms)
[----------] 1 test from AbilityBehaviorTest (72 ms total)

[----------] Global test environment tear-down
[==========] 1 test from 1 test suite ran. (72 ms total)
[  PASSED  ] 1 test.
<end of output>
Test time =   0.08 sec
----------------------------------------------------------
Test Passed.
"AbilityBehaviorTest.SapSipperAbsorbsGrassAndRaisesAttack" end time: May 15 00:11 CST
"AbilityBehaviorTest.SapSipperAbsorbsGrassAndRaisesAttack" time elapsed: 00:00:00
----------------------------------------------------------

26/172 Testing: AbilityBehaviorTest.TechnicianBoostsLowPowerMoves
26/172 Test: AbilityBehaviorTest.TechnicianBoostsLowPowerMoves
Command: "/home/qzz/PokemonSimulator/build/PokemonSimulatorTests" "--gtest_filter=AbilityBehaviorTest.TechnicianBoostsLowPowerMoves" "--gtest_also_run_disabled_tests"
Directory: /home/qzz/PokemonSimulator/build
"AbilityBehaviorTest.TechnicianBoostsLowPowerMoves" start time: May 15 00:11 CST
Output:
----------------------------------------------------------
Running main() from /home/qzz/PokemonSimulator/build/_deps/googletest-src/googletest/src/gtest_main.cc
Note: Google Test filter = AbilityBehaviorTest.TechnicianBoostsLowPowerMoves
[==========] Running 1 test from 1 test suite.
[----------] Global test environment set-up.
[----------] 1 test from AbilityBehaviorTest
[ RUN      ] AbilityBehaviorTest.TechnicianBoostsLowPowerMoves
[       OK ] AbilityBehaviorTest.TechnicianBoostsLowPowerMoves (77 ms)
[----------] 1 test from AbilityBehaviorTest (77 ms total)

[----------] Global test environment tear-down
[==========] 1 test from 1 test suite ran. (77 ms total)
[  PASSED  ] 1 test.
<end of output>
Test time =   0.09 sec
----------------------------------------------------------
Test Passed.
"AbilityBehaviorTest.TechnicianBoostsLowPowerMoves" end time: May 15 00:11 CST
"AbilityBehaviorTest.TechnicianBoostsLowPowerMoves" time elapsed: 00:00:00
----------------------------------------------------------

27/172 Testing: AbilityBehaviorTest.FilterReducesSuperEffectiveDamage
27/172 Test: AbilityBehaviorTest.FilterReducesSuperEffectiveDamage
Command: "/home/qzz/PokemonSimulator/build/PokemonSimulatorTests" "--gtest_filter=AbilityBehaviorTest.FilterReducesSuperEffectiveDamage" "--gtest_also_run_disabled_tests"
Directory: /home/qzz/PokemonSimulator/build
"AbilityBehaviorTest.FilterReducesSuperEffectiveDamage" start time: May 15 00:11 CST
Output:
----------------------------------------------------------
Running main() from /home/qzz/PokemonSimulator/build/_deps/googletest-src/googletest/src/gtest_main.cc
Note: Google Test filter = AbilityBehaviorTest.FilterReducesSuperEffectiveDamage
[==========] Running 1 test from 1 test suite.
[----------] Global test environment set-up.
[----------] 1 test from AbilityBehaviorTest
[ RUN      ] AbilityBehaviorTest.FilterReducesSuperEffectiveDamage
[       OK ] AbilityBehaviorTest.FilterReducesSuperEffectiveDamage (73 ms)
[----------] 1 test from AbilityBehaviorTest (73 ms total)

[----------] Global test environment tear-down
[==========] 1 test from 1 test suite ran. (73 ms total)
[  PASSED  ] 1 test.
<end of output>
Test time =   0.08 sec
----------------------------------------------------------
Test Passed.
"AbilityBehaviorTest.FilterReducesSuperEffectiveDamage" end time: May 15 00:11 CST
"AbilityBehaviorTest.FilterReducesSuperEffectiveDamage" time elapsed: 00:00:00
----------------------------------------------------------

28/172 Testing: AbilityBehaviorTest.SolidRockReducesSuperEffectiveDamage
28/172 Test: AbilityBehaviorTest.SolidRockReducesSuperEffectiveDamage
Command: "/home/qzz/PokemonSimulator/build/PokemonSimulatorTests" "--gtest_filter=AbilityBehaviorTest.SolidRockReducesSuperEffectiveDamage" "--gtest_also_run_disabled_tests"
Directory: /home/qzz/PokemonSimulator/build
"AbilityBehaviorTest.SolidRockReducesSuperEffectiveDamage" start time: May 15 00:11 CST
Output:
----------------------------------------------------------
Running main() from /home/qzz/PokemonSimulator/build/_deps/googletest-src/googletest/src/gtest_main.cc
Note: Google Test filter = AbilityBehaviorTest.SolidRockReducesSuperEffectiveDamage
[==========] Running 1 test from 1 test suite.
[----------] Global test environment set-up.
[----------] 1 test from AbilityBehaviorTest
[ RUN      ] AbilityBehaviorTest.SolidRockReducesSuperEffectiveDamage
[       OK ] AbilityBehaviorTest.SolidRockReducesSuperEffectiveDamage (74 ms)
[----------] 1 test from AbilityBehaviorTest (74 ms total)

[----------] Global test environment tear-down
[==========] 1 test from 1 test suite ran. (74 ms total)
[  PASSED  ] 1 test.
<end of output>
Test time =   0.08 sec
----------------------------------------------------------
Test Passed.
"AbilityBehaviorTest.SolidRockReducesSuperEffectiveDamage" end time: May 15 00:11 CST
"AbilityBehaviorTest.SolidRockReducesSuperEffectiveDamage" time elapsed: 00:00:00
----------------------------------------------------------

29/172 Testing: AbilityBehaviorTest.MoxieRaisesAttackAfterKnockout
29/172 Test: AbilityBehaviorTest.MoxieRaisesAttackAfterKnockout
Command: "/home/qzz/PokemonSimulator/build/PokemonSimulatorTests" "--gtest_filter=AbilityBehaviorTest.MoxieRaisesAttackAfterKnockout" "--gtest_also_run_disabled_tests"
Directory: /home/qzz/PokemonSimulator/build
"AbilityBehaviorTest.MoxieRaisesAttackAfterKnockout" start time: May 15 00:11 CST
Output:
----------------------------------------------------------
Running main() from /home/qzz/PokemonSimulator/build/_deps/googletest-src/googletest/src/gtest_main.cc
Note: Google Test filter = AbilityBehaviorTest.MoxieRaisesAttackAfterKnockout
[==========] Running 1 test from 1 test suite.
[----------] Global test environment set-up.
[----------] 1 test from AbilityBehaviorTest
[ RUN      ] AbilityBehaviorTest.MoxieRaisesAttackAfterKnockout
[       OK ] AbilityBehaviorTest.MoxieRaisesAttackAfterKnockout (88 ms)
[----------] 1 test from AbilityBehaviorTest (88 ms total)

[----------] Global test environment tear-down
[==========] 1 test from 1 test suite ran. (88 ms total)
[  PASSED  ] 1 test.
<end of output>
Test time =   0.10 sec
----------------------------------------------------------
Test Passed.
"AbilityBehaviorTest.MoxieRaisesAttackAfterKnockout" end time: May 15 00:11 CST
"AbilityBehaviorTest.MoxieRaisesAttackAfterKnockout" time elapsed: 00:00:00
----------------------------------------------------------

30/172 Testing: AbilityBehaviorTest.InnerFocusBlocksFlinch
30/172 Test: AbilityBehaviorTest.InnerFocusBlocksFlinch
Command: "/home/qzz/PokemonSimulator/build/PokemonSimulatorTests" "--gtest_filter=AbilityBehaviorTest.InnerFocusBlocksFlinch" "--gtest_also_run_disabled_tests"
Directory: /home/qzz/PokemonSimulator/build
"AbilityBehaviorTest.InnerFocusBlocksFlinch" start time: May 15 00:11 CST
Output:
----------------------------------------------------------
Running main() from /home/qzz/PokemonSimulator/build/_deps/googletest-src/googletest/src/gtest_main.cc
Note: Google Test filter = AbilityBehaviorTest.InnerFocusBlocksFlinch
[==========] Running 1 test from 1 test suite.
[----------] Global test environment set-up.
[----------] 1 test from AbilityBehaviorTest
[ RUN      ] AbilityBehaviorTest.InnerFocusBlocksFlinch
[       OK ] AbilityBehaviorTest.InnerFocusBlocksFlinch (73 ms)
[----------] 1 test from AbilityBehaviorTest (73 ms total)

[----------] Global test environment tear-down
[==========] 1 test from 1 test suite ran. (73 ms total)
[  PASSED  ] 1 test.
<end of output>
Test time =   0.08 sec
----------------------------------------------------------
Test Passed.
"AbilityBehaviorTest.InnerFocusBlocksFlinch" end time: May 15 00:11 CST
"AbilityBehaviorTest.InnerFocusBlocksFlinch" time elapsed: 00:00:00
----------------------------------------------------------

31/172 Testing: AbilityBehaviorTest.RegeneratorHealsOnSwitchOut
31/172 Test: AbilityBehaviorTest.RegeneratorHealsOnSwitchOut
Command: "/home/qzz/PokemonSimulator/build/PokemonSimulatorTests" "--gtest_filter=AbilityBehaviorTest.RegeneratorHealsOnSwitchOut" "--gtest_also_run_disabled_tests"
Directory: /home/qzz/PokemonSimulator/build
"AbilityBehaviorTest.RegeneratorHealsOnSwitchOut" start time: May 15 00:11 CST
Output:
----------------------------------------------------------
Running main() from /home/qzz/PokemonSimulator/build/_deps/googletest-src/googletest/src/gtest_main.cc
Note: Google Test filter = AbilityBehaviorTest.RegeneratorHealsOnSwitchOut
[==========] Running 1 test from 1 test suite.
[----------] Global test environment set-up.
[----------] 1 test from AbilityBehaviorTest
[ RUN      ] AbilityBehaviorTest.RegeneratorHealsOnSwitchOut
[       OK ] AbilityBehaviorTest.RegeneratorHealsOnSwitchOut (79 ms)
[----------] 1 test from AbilityBehaviorTest (79 ms total)

[----------] Global test environment tear-down
[==========] 1 test from 1 test suite ran. (79 ms total)
[  PASSED  ] 1 test.
<end of output>
Test time =   0.09 sec
----------------------------------------------------------
Test Passed.
"AbilityBehaviorTest.RegeneratorHealsOnSwitchOut" end time: May 15 00:11 CST
"AbilityBehaviorTest.RegeneratorHealsOnSwitchOut" time elapsed: 00:00:00
----------------------------------------------------------

32/172 Testing: AbilityBehaviorTest.NaturalCureClearsStatusOnSwitchOut
32/172 Test: AbilityBehaviorTest.NaturalCureClearsStatusOnSwitchOut
Command: "/home/qzz/PokemonSimulator/build/PokemonSimulatorTests" "--gtest_filter=AbilityBehaviorTest.NaturalCureClearsStatusOnSwitchOut" "--gtest_also_run_disabled_tests"
Directory: /home/qzz/PokemonSimulator/build
"AbilityBehaviorTest.NaturalCureClearsStatusOnSwitchOut" start time: May 15 00:11 CST
Output:
----------------------------------------------------------
Running main() from /home/qzz/PokemonSimulator/build/_deps/googletest-src/googletest/src/gtest_main.cc
Note: Google Test filter = AbilityBehaviorTest.NaturalCureClearsStatusOnSwitchOut
[==========] Running 1 test from 1 test suite.
[----------] Global test environment set-up.
[----------] 1 test from AbilityBehaviorTest
[ RUN      ] AbilityBehaviorTest.NaturalCureClearsStatusOnSwitchOut
[       OK ] AbilityBehaviorTest.NaturalCureClearsStatusOnSwitchOut (74 ms)
[----------] 1 test from AbilityBehaviorTest (74 ms total)

[----------] Global test environment tear-down
[==========] 1 test from 1 test suite ran. (74 ms total)
[  PASSED  ] 1 test.
<end of output>
Test time =   0.08 sec
----------------------------------------------------------
Test Passed.
"AbilityBehaviorTest.NaturalCureClearsStatusOnSwitchOut" end time: May 15 00:11 CST
"AbilityBehaviorTest.NaturalCureClearsStatusOnSwitchOut" time elapsed: 00:00:00
----------------------------------------------------------

33/172 Testing: AbilityBehaviorTest.MagicGuardPreventsWeatherChipDamage
33/172 Test: AbilityBehaviorTest.MagicGuardPreventsWeatherChipDamage
Command: "/home/qzz/PokemonSimulator/build/PokemonSimulatorTests" "--gtest_filter=AbilityBehaviorTest.MagicGuardPreventsWeatherChipDamage" "--gtest_also_run_disabled_tests"
Directory: /home/qzz/PokemonSimulator/build
"AbilityBehaviorTest.MagicGuardPreventsWeatherChipDamage" start time: May 15 00:11 CST
Output:
----------------------------------------------------------
Running main() from /home/qzz/PokemonSimulator/build/_deps/googletest-src/googletest/src/gtest_main.cc
Note: Google Test filter = AbilityBehaviorTest.MagicGuardPreventsWeatherChipDamage
[==========] Running 1 test from 1 test suite.
[----------] Global test environment set-up.
[----------] 1 test from AbilityBehaviorTest
[ RUN      ] AbilityBehaviorTest.MagicGuardPreventsWeatherChipDamage
[       OK ] AbilityBehaviorTest.MagicGuardPreventsWeatherChipDamage (77 ms)
[----------] 1 test from AbilityBehaviorTest (77 ms total)

[----------] Global test environment tear-down
[==========] 1 test from 1 test suite ran. (77 ms total)
[  PASSED  ] 1 test.
<end of output>
Test time =   0.09 sec
----------------------------------------------------------
Test Passed.
"AbilityBehaviorTest.MagicGuardPreventsWeatherChipDamage" end time: May 15 00:11 CST
"AbilityBehaviorTest.MagicGuardPreventsWeatherChipDamage" time elapsed: 00:00:00
----------------------------------------------------------

34/172 Testing: AbilityBehaviorTest.UnawareDefenderIgnoresAttackerBoosts
34/172 Test: AbilityBehaviorTest.UnawareDefenderIgnoresAttackerBoosts
Command: "/home/qzz/PokemonSimulator/build/PokemonSimulatorTests" "--gtest_filter=AbilityBehaviorTest.UnawareDefenderIgnoresAttackerBoosts" "--gtest_also_run_disabled_tests"
Directory: /home/qzz/PokemonSimulator/build
"AbilityBehaviorTest.UnawareDefenderIgnoresAttackerBoosts" start time: May 15 00:11 CST
Output:
----------------------------------------------------------
Running main() from /home/qzz/PokemonSimulator/build/_deps/googletest-src/googletest/src/gtest_main.cc
Note: Google Test filter = AbilityBehaviorTest.UnawareDefenderIgnoresAttackerBoosts
[==========] Running 1 test from 1 test suite.
[----------] Global test environment set-up.
[----------] 1 test from AbilityBehaviorTest
[ RUN      ] AbilityBehaviorTest.UnawareDefenderIgnoresAttackerBoosts
[       OK ] AbilityBehaviorTest.UnawareDefenderIgnoresAttackerBoosts (81 ms)
[----------] 1 test from AbilityBehaviorTest (82 ms total)

[----------] Global test environment tear-down
[==========] 1 test from 1 test suite ran. (82 ms total)
[  PASSED  ] 1 test.
<end of output>
Test time =   0.09 sec
----------------------------------------------------------
Test Passed.
"AbilityBehaviorTest.UnawareDefenderIgnoresAttackerBoosts" end time: May 15 00:11 CST
"AbilityBehaviorTest.UnawareDefenderIgnoresAttackerBoosts" time elapsed: 00:00:00
----------------------------------------------------------

35/172 Testing: AbilityBehaviorTest.UnawareAttackerIgnoresDefenderBoosts
35/172 Test: AbilityBehaviorTest.UnawareAttackerIgnoresDefenderBoosts
Command: "/home/qzz/PokemonSimulator/build/PokemonSimulatorTests" "--gtest_filter=AbilityBehaviorTest.UnawareAttackerIgnoresDefenderBoosts" "--gtest_also_run_disabled_tests"
Directory: /home/qzz/PokemonSimulator/build
"AbilityBehaviorTest.UnawareAttackerIgnoresDefenderBoosts" start time: May 15 00:11 CST
Output:
----------------------------------------------------------
Running main() from /home/qzz/PokemonSimulator/build/_deps/googletest-src/googletest/src/gtest_main.cc
Note: Google Test filter = AbilityBehaviorTest.UnawareAttackerIgnoresDefenderBoosts
[==========] Running 1 test from 1 test suite.
[----------] Global test environment set-up.
[----------] 1 test from AbilityBehaviorTest
[ RUN      ] AbilityBehaviorTest.UnawareAttackerIgnoresDefenderBoosts
[       OK ] AbilityBehaviorTest.UnawareAttackerIgnoresDefenderBoosts (84 ms)
[----------] 1 test from AbilityBehaviorTest (84 ms total)

[----------] Global test environment tear-down
[==========] 1 test from 1 test suite ran. (85 ms total)
[  PASSED  ] 1 test.
<end of output>
Test time =   0.09 sec
----------------------------------------------------------
Test Passed.
"AbilityBehaviorTest.UnawareAttackerIgnoresDefenderBoosts" end time: May 15 00:11 CST
"AbilityBehaviorTest.UnawareAttackerIgnoresDefenderBoosts" time elapsed: 00:00:00
----------------------------------------------------------

36/172 Testing: AbilityBehaviorTest.PranksterGivesPriorityToStatusMoves
36/172 Test: AbilityBehaviorTest.PranksterGivesPriorityToStatusMoves
Command: "/home/qzz/PokemonSimulator/build/PokemonSimulatorTests" "--gtest_filter=AbilityBehaviorTest.PranksterGivesPriorityToStatusMoves" "--gtest_also_run_disabled_tests"
Directory: /home/qzz/PokemonSimulator/build
"AbilityBehaviorTest.PranksterGivesPriorityToStatusMoves" start time: May 15 00:11 CST
Output:
----------------------------------------------------------
Running main() from /home/qzz/PokemonSimulator/build/_deps/googletest-src/googletest/src/gtest_main.cc
Note: Google Test filter = AbilityBehaviorTest.PranksterGivesPriorityToStatusMoves
[==========] Running 1 test from 1 test suite.
[----------] Global test environment set-up.
[----------] 1 test from AbilityBehaviorTest
[ RUN      ] AbilityBehaviorTest.PranksterGivesPriorityToStatusMoves
[       OK ] AbilityBehaviorTest.PranksterGivesPriorityToStatusMoves (89 ms)
[----------] 1 test from AbilityBehaviorTest (89 ms total)

[----------] Global test environment tear-down
[==========] 1 test from 1 test suite ran. (89 ms total)
[  PASSED  ] 1 test.
<end of output>
Test time =   0.10 sec
----------------------------------------------------------
Test Passed.
"AbilityBehaviorTest.PranksterGivesPriorityToStatusMoves" end time: May 15 00:11 CST
"AbilityBehaviorTest.PranksterGivesPriorityToStatusMoves" time elapsed: 00:00:00
----------------------------------------------------------

37/172 Testing: AbilityBehaviorTest.ClearBodyBlocksIntimidateAttackDrop
37/172 Test: AbilityBehaviorTest.ClearBodyBlocksIntimidateAttackDrop
Command: "/home/qzz/PokemonSimulator/build/PokemonSimulatorTests" "--gtest_filter=AbilityBehaviorTest.ClearBodyBlocksIntimidateAttackDrop" "--gtest_also_run_disabled_tests"
Directory: /home/qzz/PokemonSimulator/build
"AbilityBehaviorTest.ClearBodyBlocksIntimidateAttackDrop" start time: May 15 00:11 CST
Output:
----------------------------------------------------------
Running main() from /home/qzz/PokemonSimulator/build/_deps/googletest-src/googletest/src/gtest_main.cc
Note: Google Test filter = AbilityBehaviorTest.ClearBodyBlocksIntimidateAttackDrop
[==========] Running 1 test from 1 test suite.
[----------] Global test environment set-up.
[----------] 1 test from AbilityBehaviorTest
[ RUN      ] AbilityBehaviorTest.ClearBodyBlocksIntimidateAttackDrop
[       OK ] AbilityBehaviorTest.ClearBodyBlocksIntimidateAttackDrop (84 ms)
[----------] 1 test from AbilityBehaviorTest (84 ms total)

[----------] Global test environment tear-down
[==========] 1 test from 1 test suite ran. (84 ms total)
[  PASSED  ] 1 test.
<end of output>
Test time =   0.09 sec
----------------------------------------------------------
Test Passed.
"AbilityBehaviorTest.ClearBodyBlocksIntimidateAttackDrop" end time: May 15 00:11 CST
"AbilityBehaviorTest.ClearBodyBlocksIntimidateAttackDrop" time elapsed: 00:00:00
----------------------------------------------------------

38/172 Testing: AbilityBehaviorTest.DefiantTriggersOnIntimidate
38/172 Test: AbilityBehaviorTest.DefiantTriggersOnIntimidate
Command: "/home/qzz/PokemonSimulator/build/PokemonSimulatorTests" "--gtest_filter=AbilityBehaviorTest.DefiantTriggersOnIntimidate" "--gtest_also_run_disabled_tests"
Directory: /home/qzz/PokemonSimulator/build
"AbilityBehaviorTest.DefiantTriggersOnIntimidate" start time: May 15 00:11 CST
Output:
----------------------------------------------------------
Running main() from /home/qzz/PokemonSimulator/build/_deps/googletest-src/googletest/src/gtest_main.cc
Note: Google Test filter = AbilityBehaviorTest.DefiantTriggersOnIntimidate
[==========] Running 1 test from 1 test suite.
[----------] Global test environment set-up.
[----------] 1 test from AbilityBehaviorTest
[ RUN      ] AbilityBehaviorTest.DefiantTriggersOnIntimidate
[       OK ] AbilityBehaviorTest.DefiantTriggersOnIntimidate (79 ms)
[----------] 1 test from AbilityBehaviorTest (79 ms total)

[----------] Global test environment tear-down
[==========] 1 test from 1 test suite ran. (79 ms total)
[  PASSED  ] 1 test.
<end of output>
Test time =   0.09 sec
----------------------------------------------------------
Test Passed.
"AbilityBehaviorTest.DefiantTriggersOnIntimidate" end time: May 15 00:11 CST
"AbilityBehaviorTest.DefiantTriggersOnIntimidate" time elapsed: 00:00:00
----------------------------------------------------------

39/172 Testing: AbilityBehaviorTest.CompetitiveTriggersOnIntimidate
39/172 Test: AbilityBehaviorTest.CompetitiveTriggersOnIntimidate
Command: "/home/qzz/PokemonSimulator/build/PokemonSimulatorTests" "--gtest_filter=AbilityBehaviorTest.CompetitiveTriggersOnIntimidate" "--gtest_also_run_disabled_tests"
Directory: /home/qzz/PokemonSimulator/build
"AbilityBehaviorTest.CompetitiveTriggersOnIntimidate" start time: May 15 00:11 CST
Output:
----------------------------------------------------------
Running main() from /home/qzz/PokemonSimulator/build/_deps/googletest-src/googletest/src/gtest_main.cc
Note: Google Test filter = AbilityBehaviorTest.CompetitiveTriggersOnIntimidate
[==========] Running 1 test from 1 test suite.
[----------] Global test environment set-up.
[----------] 1 test from AbilityBehaviorTest
[ RUN      ] AbilityBehaviorTest.CompetitiveTriggersOnIntimidate
[       OK ] AbilityBehaviorTest.CompetitiveTriggersOnIntimidate (78 ms)
[----------] 1 test from AbilityBehaviorTest (78 ms total)

[----------] Global test environment tear-down
[==========] 1 test from 1 test suite ran. (78 ms total)
[  PASSED  ] 1 test.
<end of output>
Test time =   0.09 sec
----------------------------------------------------------
Test Passed.
"AbilityBehaviorTest.CompetitiveTriggersOnIntimidate" end time: May 15 00:11 CST
"AbilityBehaviorTest.CompetitiveTriggersOnIntimidate" time elapsed: 00:00:00
----------------------------------------------------------

40/172 Testing: AbilityBehaviorTest.DefiantTriggersOnStatLoweringMoveEffect
40/172 Test: AbilityBehaviorTest.DefiantTriggersOnStatLoweringMoveEffect
Command: "/home/qzz/PokemonSimulator/build/PokemonSimulatorTests" "--gtest_filter=AbilityBehaviorTest.DefiantTriggersOnStatLoweringMoveEffect" "--gtest_also_run_disabled_tests"
Directory: /home/qzz/PokemonSimulator/build
"AbilityBehaviorTest.DefiantTriggersOnStatLoweringMoveEffect" start time: May 15 00:11 CST
Output:
----------------------------------------------------------
Running main() from /home/qzz/PokemonSimulator/build/_deps/googletest-src/googletest/src/gtest_main.cc
Note: Google Test filter = AbilityBehaviorTest.DefiantTriggersOnStatLoweringMoveEffect
[==========] Running 1 test from 1 test suite.
[----------] Global test environment set-up.
[----------] 1 test from AbilityBehaviorTest
[ RUN      ] AbilityBehaviorTest.DefiantTriggersOnStatLoweringMoveEffect
[       OK ] AbilityBehaviorTest.DefiantTriggersOnStatLoweringMoveEffect (73 ms)
[----------] 1 test from AbilityBehaviorTest (73 ms total)

[----------] Global test environment tear-down
[==========] 1 test from 1 test suite ran. (73 ms total)
[  PASSED  ] 1 test.
<end of output>
Test time =   0.08 sec
----------------------------------------------------------
Test Passed.
"AbilityBehaviorTest.DefiantTriggersOnStatLoweringMoveEffect" end time: May 15 00:11 CST
"AbilityBehaviorTest.DefiantTriggersOnStatLoweringMoveEffect" time elapsed: 00:00:00
----------------------------------------------------------

41/172 Testing: AbilityBehaviorTest.WhiteSmokeBlocksIntimidateAttackDrop
41/172 Test: AbilityBehaviorTest.WhiteSmokeBlocksIntimidateAttackDrop
Command: "/home/qzz/PokemonSimulator/build/PokemonSimulatorTests" "--gtest_filter=AbilityBehaviorTest.WhiteSmokeBlocksIntimidateAttackDrop" "--gtest_also_run_disabled_tests"
Directory: /home/qzz/PokemonSimulator/build
"AbilityBehaviorTest.WhiteSmokeBlocksIntimidateAttackDrop" start time: May 15 00:11 CST
Output:
----------------------------------------------------------
Running main() from /home/qzz/PokemonSimulator/build/_deps/googletest-src/googletest/src/gtest_main.cc
Note: Google Test filter = AbilityBehaviorTest.WhiteSmokeBlocksIntimidateAttackDrop
[==========] Running 1 test from 1 test suite.
[----------] Global test environment set-up.
[----------] 1 test from AbilityBehaviorTest
[ RUN      ] AbilityBehaviorTest.WhiteSmokeBlocksIntimidateAttackDrop
[       OK ] AbilityBehaviorTest.WhiteSmokeBlocksIntimidateAttackDrop (72 ms)
[----------] 1 test from AbilityBehaviorTest (72 ms total)

[----------] Global test environment tear-down
[==========] 1 test from 1 test suite ran. (72 ms total)
[  PASSED  ] 1 test.
<end of output>
Test time =   0.08 sec
----------------------------------------------------------
Test Passed.
"AbilityBehaviorTest.WhiteSmokeBlocksIntimidateAttackDrop" end time: May 15 00:11 CST
"AbilityBehaviorTest.WhiteSmokeBlocksIntimidateAttackDrop" time elapsed: 00:00:00
----------------------------------------------------------

42/172 Testing: AbilityBehaviorTest.HyperCutterBlocksIntimidateAttackDrop
42/172 Test: AbilityBehaviorTest.HyperCutterBlocksIntimidateAttackDrop
Command: "/home/qzz/PokemonSimulator/build/PokemonSimulatorTests" "--gtest_filter=AbilityBehaviorTest.HyperCutterBlocksIntimidateAttackDrop" "--gtest_also_run_disabled_tests"
Directory: /home/qzz/PokemonSimulator/build
"AbilityBehaviorTest.HyperCutterBlocksIntimidateAttackDrop" start time: May 15 00:11 CST
Output:
----------------------------------------------------------
Running main() from /home/qzz/PokemonSimulator/build/_deps/googletest-src/googletest/src/gtest_main.cc
Note: Google Test filter = AbilityBehaviorTest.HyperCutterBlocksIntimidateAttackDrop
[==========] Running 1 test from 1 test suite.
[----------] Global test environment set-up.
[----------] 1 test from AbilityBehaviorTest
[ RUN      ] AbilityBehaviorTest.HyperCutterBlocksIntimidateAttackDrop
[       OK ] AbilityBehaviorTest.HyperCutterBlocksIntimidateAttackDrop (74 ms)
[----------] 1 test from AbilityBehaviorTest (74 ms total)

[----------] Global test environment tear-down
[==========] 1 test from 1 test suite ran. (75 ms total)
[  PASSED  ] 1 test.
<end of output>
Test time =   0.08 sec
----------------------------------------------------------
Test Passed.
"AbilityBehaviorTest.HyperCutterBlocksIntimidateAttackDrop" end time: May 15 00:11 CST
"AbilityBehaviorTest.HyperCutterBlocksIntimidateAttackDrop" time elapsed: 00:00:00
----------------------------------------------------------

43/172 Testing: AbilityBehaviorTest.MirrorArmorReflectsIntimidateAttackDrop
43/172 Test: AbilityBehaviorTest.MirrorArmorReflectsIntimidateAttackDrop
Command: "/home/qzz/PokemonSimulator/build/PokemonSimulatorTests" "--gtest_filter=AbilityBehaviorTest.MirrorArmorReflectsIntimidateAttackDrop" "--gtest_also_run_disabled_tests"
Directory: /home/qzz/PokemonSimulator/build
"AbilityBehaviorTest.MirrorArmorReflectsIntimidateAttackDrop" start time: May 15 00:11 CST
Output:
----------------------------------------------------------
Running main() from /home/qzz/PokemonSimulator/build/_deps/googletest-src/googletest/src/gtest_main.cc
Note: Google Test filter = AbilityBehaviorTest.MirrorArmorReflectsIntimidateAttackDrop
[==========] Running 1 test from 1 test suite.
[----------] Global test environment set-up.
[----------] 1 test from AbilityBehaviorTest
[ RUN      ] AbilityBehaviorTest.MirrorArmorReflectsIntimidateAttackDrop
[       OK ] AbilityBehaviorTest.MirrorArmorReflectsIntimidateAttackDrop (75 ms)
[----------] 1 test from AbilityBehaviorTest (75 ms total)

[----------] Global test environment tear-down
[==========] 1 test from 1 test suite ran. (75 ms total)
[  PASSED  ] 1 test.
<end of output>
Test time =   0.08 sec
----------------------------------------------------------
Test Passed.
"AbilityBehaviorTest.MirrorArmorReflectsIntimidateAttackDrop" end time: May 15 00:11 CST
"AbilityBehaviorTest.MirrorArmorReflectsIntimidateAttackDrop" time elapsed: 00:00:00
----------------------------------------------------------

44/172 Testing: AbilityBehaviorTest.KeenEyeBlocksSandAttackStyleEvasionRule
44/172 Test: AbilityBehaviorTest.KeenEyeBlocksSandAttackStyleEvasionRule
Command: "/home/qzz/PokemonSimulator/build/PokemonSimulatorTests" "--gtest_filter=AbilityBehaviorTest.KeenEyeBlocksSandAttackStyleEvasionRule" "--gtest_also_run_disabled_tests"
Directory: /home/qzz/PokemonSimulator/build
"AbilityBehaviorTest.KeenEyeBlocksSandAttackStyleEvasionRule" start time: May 15 00:11 CST
Output:
----------------------------------------------------------
Running main() from /home/qzz/PokemonSimulator/build/_deps/googletest-src/googletest/src/gtest_main.cc
Note: Google Test filter = AbilityBehaviorTest.KeenEyeBlocksSandAttackStyleEvasionRule
[==========] Running 1 test from 1 test suite.
[----------] Global test environment set-up.
[----------] 1 test from AbilityBehaviorTest
[ RUN      ] AbilityBehaviorTest.KeenEyeBlocksSandAttackStyleEvasionRule
[       OK ] AbilityBehaviorTest.KeenEyeBlocksSandAttackStyleEvasionRule (82 ms)
[----------] 1 test from AbilityBehaviorTest (82 ms total)

[----------] Global test environment tear-down
[==========] 1 test from 1 test suite ran. (82 ms total)
[  PASSED  ] 1 test.
<end of output>
Test time =   0.09 sec
----------------------------------------------------------
Test Passed.
"AbilityBehaviorTest.KeenEyeBlocksSandAttackStyleEvasionRule" end time: May 15 00:11 CST
"AbilityBehaviorTest.KeenEyeBlocksSandAttackStyleEvasionRule" time elapsed: 00:00:00
----------------------------------------------------------

45/172 Testing: AbilityBehaviorTest.DrizzleSetsRainOnEntry
45/172 Test: AbilityBehaviorTest.DrizzleSetsRainOnEntry
Command: "/home/qzz/PokemonSimulator/build/PokemonSimulatorTests" "--gtest_filter=AbilityBehaviorTest.DrizzleSetsRainOnEntry" "--gtest_also_run_disabled_tests"
Directory: /home/qzz/PokemonSimulator/build
"AbilityBehaviorTest.DrizzleSetsRainOnEntry" start time: May 15 00:11 CST
Output:
----------------------------------------------------------
Running main() from /home/qzz/PokemonSimulator/build/_deps/googletest-src/googletest/src/gtest_main.cc
Note: Google Test filter = AbilityBehaviorTest.DrizzleSetsRainOnEntry
[==========] Running 1 test from 1 test suite.
[----------] Global test environment set-up.
[----------] 1 test from AbilityBehaviorTest
[ RUN      ] AbilityBehaviorTest.DrizzleSetsRainOnEntry
[       OK ] AbilityBehaviorTest.DrizzleSetsRainOnEntry (86 ms)
[----------] 1 test from AbilityBehaviorTest (86 ms total)

[----------] Global test environment tear-down
[==========] 1 test from 1 test suite ran. (86 ms total)
[  PASSED  ] 1 test.
<end of output>
Test time =   0.10 sec
----------------------------------------------------------
Test Passed.
"AbilityBehaviorTest.DrizzleSetsRainOnEntry" end time: May 15 00:11 CST
"AbilityBehaviorTest.DrizzleSetsRainOnEntry" time elapsed: 00:00:00
----------------------------------------------------------

46/172 Testing: AbilityBehaviorTest.DroughtSetsSunOnEntry
46/172 Test: AbilityBehaviorTest.DroughtSetsSunOnEntry
Command: "/home/qzz/PokemonSimulator/build/PokemonSimulatorTests" "--gtest_filter=AbilityBehaviorTest.DroughtSetsSunOnEntry" "--gtest_also_run_disabled_tests"
Directory: /home/qzz/PokemonSimulator/build
"AbilityBehaviorTest.DroughtSetsSunOnEntry" start time: May 15 00:11 CST
Output:
----------------------------------------------------------
Running main() from /home/qzz/PokemonSimulator/build/_deps/googletest-src/googletest/src/gtest_main.cc
Note: Google Test filter = AbilityBehaviorTest.DroughtSetsSunOnEntry
[==========] Running 1 test from 1 test suite.
[----------] Global test environment set-up.
[----------] 1 test from AbilityBehaviorTest
[ RUN      ] AbilityBehaviorTest.DroughtSetsSunOnEntry
[       OK ] AbilityBehaviorTest.DroughtSetsSunOnEntry (74 ms)
[----------] 1 test from AbilityBehaviorTest (74 ms total)

[----------] Global test environment tear-down
[==========] 1 test from 1 test suite ran. (74 ms total)
[  PASSED  ] 1 test.
<end of output>
Test time =   0.08 sec
----------------------------------------------------------
Test Passed.
"AbilityBehaviorTest.DroughtSetsSunOnEntry" end time: May 15 00:11 CST
"AbilityBehaviorTest.DroughtSetsSunOnEntry" time elapsed: 00:00:00
----------------------------------------------------------

47/172 Testing: AbilityBehaviorTest.SandStreamSetsSandstormOnEntry
47/172 Test: AbilityBehaviorTest.SandStreamSetsSandstormOnEntry
Command: "/home/qzz/PokemonSimulator/build/PokemonSimulatorTests" "--gtest_filter=AbilityBehaviorTest.SandStreamSetsSandstormOnEntry" "--gtest_also_run_disabled_tests"
Directory: /home/qzz/PokemonSimulator/build
"AbilityBehaviorTest.SandStreamSetsSandstormOnEntry" start time: May 15 00:11 CST
Output:
----------------------------------------------------------
Running main() from /home/qzz/PokemonSimulator/build/_deps/googletest-src/googletest/src/gtest_main.cc
Note: Google Test filter = AbilityBehaviorTest.SandStreamSetsSandstormOnEntry
[==========] Running 1 test from 1 test suite.
[----------] Global test environment set-up.
[----------] 1 test from AbilityBehaviorTest
[ RUN      ] AbilityBehaviorTest.SandStreamSetsSandstormOnEntry
[       OK ] AbilityBehaviorTest.SandStreamSetsSandstormOnEntry (72 ms)
[----------] 1 test from AbilityBehaviorTest (72 ms total)

[----------] Global test environment tear-down
[==========] 1 test from 1 test suite ran. (72 ms total)
[  PASSED  ] 1 test.
<end of output>
Test time =   0.08 sec
----------------------------------------------------------
Test Passed.
"AbilityBehaviorTest.SandStreamSetsSandstormOnEntry" end time: May 15 00:11 CST
"AbilityBehaviorTest.SandStreamSetsSandstormOnEntry" time elapsed: 00:00:00
----------------------------------------------------------

48/172 Testing: AbilityBehaviorTest.SnowWarningSetsSnowOnEntry
48/172 Test: AbilityBehaviorTest.SnowWarningSetsSnowOnEntry
Command: "/home/qzz/PokemonSimulator/build/PokemonSimulatorTests" "--gtest_filter=AbilityBehaviorTest.SnowWarningSetsSnowOnEntry" "--gtest_also_run_disabled_tests"
Directory: /home/qzz/PokemonSimulator/build
"AbilityBehaviorTest.SnowWarningSetsSnowOnEntry" start time: May 15 00:11 CST
Output:
----------------------------------------------------------
Running main() from /home/qzz/PokemonSimulator/build/_deps/googletest-src/googletest/src/gtest_main.cc
Note: Google Test filter = AbilityBehaviorTest.SnowWarningSetsSnowOnEntry
[==========] Running 1 test from 1 test suite.
[----------] Global test environment set-up.
[----------] 1 test from AbilityBehaviorTest
[ RUN      ] AbilityBehaviorTest.SnowWarningSetsSnowOnEntry
[       OK ] AbilityBehaviorTest.SnowWarningSetsSnowOnEntry (72 ms)
[----------] 1 test from AbilityBehaviorTest (72 ms total)

[----------] Global test environment tear-down
[==========] 1 test from 1 test suite ran. (72 ms total)
[  PASSED  ] 1 test.
<end of output>
Test time =   0.08 sec
----------------------------------------------------------
Test Passed.
"AbilityBehaviorTest.SnowWarningSetsSnowOnEntry" end time: May 15 00:11 CST
"AbilityBehaviorTest.SnowWarningSetsSnowOnEntry" time elapsed: 00:00:00
----------------------------------------------------------

49/172 Testing: AbilityBehaviorTest.CloudNineSuppressesWeatherChipAndWeatherBallBoost
49/172 Test: AbilityBehaviorTest.CloudNineSuppressesWeatherChipAndWeatherBallBoost
Command: "/home/qzz/PokemonSimulator/build/PokemonSimulatorTests" "--gtest_filter=AbilityBehaviorTest.CloudNineSuppressesWeatherChipAndWeatherBallBoost" "--gtest_also_run_disabled_tests"
Directory: /home/qzz/PokemonSimulator/build
"AbilityBehaviorTest.CloudNineSuppressesWeatherChipAndWeatherBallBoost" start time: May 15 00:11 CST
Output:
----------------------------------------------------------
Running main() from /home/qzz/PokemonSimulator/build/_deps/googletest-src/googletest/src/gtest_main.cc
Note: Google Test filter = AbilityBehaviorTest.CloudNineSuppressesWeatherChipAndWeatherBallBoost
[==========] Running 1 test from 1 test suite.
[----------] Global test environment set-up.
[----------] 1 test from AbilityBehaviorTest
[ RUN      ] AbilityBehaviorTest.CloudNineSuppressesWeatherChipAndWeatherBallBoost
[       OK ] AbilityBehaviorTest.CloudNineSuppressesWeatherChipAndWeatherBallBoost (80 ms)
[----------] 1 test from AbilityBehaviorTest (80 ms total)

[----------] Global test environment tear-down
[==========] 1 test from 1 test suite ran. (80 ms total)
[  PASSED  ] 1 test.
<end of output>
Test time =   0.09 sec
----------------------------------------------------------
Test Passed.
"AbilityBehaviorTest.CloudNineSuppressesWeatherChipAndWeatherBallBoost" end time: May 15 00:11 CST
"AbilityBehaviorTest.CloudNineSuppressesWeatherChipAndWeatherBallBoost" time elapsed: 00:00:00
----------------------------------------------------------

50/172 Testing: AbilityBehaviorTest.GrassySurgeSetsGrassyTerrainOnEntry
50/172 Test: AbilityBehaviorTest.GrassySurgeSetsGrassyTerrainOnEntry
Command: "/home/qzz/PokemonSimulator/build/PokemonSimulatorTests" "--gtest_filter=AbilityBehaviorTest.GrassySurgeSetsGrassyTerrainOnEntry" "--gtest_also_run_disabled_tests"
Directory: /home/qzz/PokemonSimulator/build
"AbilityBehaviorTest.GrassySurgeSetsGrassyTerrainOnEntry" start time: May 15 00:11 CST
Output:
----------------------------------------------------------
Running main() from /home/qzz/PokemonSimulator/build/_deps/googletest-src/googletest/src/gtest_main.cc
Note: Google Test filter = AbilityBehaviorTest.GrassySurgeSetsGrassyTerrainOnEntry
[==========] Running 1 test from 1 test suite.
[----------] Global test environment set-up.
[----------] 1 test from AbilityBehaviorTest
[ RUN      ] AbilityBehaviorTest.GrassySurgeSetsGrassyTerrainOnEntry
[       OK ] AbilityBehaviorTest.GrassySurgeSetsGrassyTerrainOnEntry (74 ms)
[----------] 1 test from AbilityBehaviorTest (74 ms total)

[----------] Global test environment tear-down
[==========] 1 test from 1 test suite ran. (74 ms total)
[  PASSED  ] 1 test.
<end of output>
Test time =   0.08 sec
----------------------------------------------------------
Test Passed.
"AbilityBehaviorTest.GrassySurgeSetsGrassyTerrainOnEntry" end time: May 15 00:11 CST
"AbilityBehaviorTest.GrassySurgeSetsGrassyTerrainOnEntry" time elapsed: 00:00:00
----------------------------------------------------------

51/172 Testing: AbilityBehaviorTest.ElectricSurgeSetsElectricTerrainOnEntry
51/172 Test: AbilityBehaviorTest.ElectricSurgeSetsElectricTerrainOnEntry
Command: "/home/qzz/PokemonSimulator/build/PokemonSimulatorTests" "--gtest_filter=AbilityBehaviorTest.ElectricSurgeSetsElectricTerrainOnEntry" "--gtest_also_run_disabled_tests"
Directory: /home/qzz/PokemonSimulator/build
"AbilityBehaviorTest.ElectricSurgeSetsElectricTerrainOnEntry" start time: May 15 00:11 CST
Output:
----------------------------------------------------------
Running main() from /home/qzz/PokemonSimulator/build/_deps/googletest-src/googletest/src/gtest_main.cc
Note: Google Test filter = AbilityBehaviorTest.ElectricSurgeSetsElectricTerrainOnEntry
[==========] Running 1 test from 1 test suite.
[----------] Global test environment set-up.
[----------] 1 test from AbilityBehaviorTest
[ RUN      ] AbilityBehaviorTest.ElectricSurgeSetsElectricTerrainOnEntry
[       OK ] AbilityBehaviorTest.ElectricSurgeSetsElectricTerrainOnEntry (77 ms)
[----------] 1 test from AbilityBehaviorTest (77 ms total)

[----------] Global test environment tear-down
[==========] 1 test from 1 test suite ran. (77 ms total)
[  PASSED  ] 1 test.
<end of output>
Test time =   0.09 sec
----------------------------------------------------------
Test Passed.
"AbilityBehaviorTest.ElectricSurgeSetsElectricTerrainOnEntry" end time: May 15 00:11 CST
"AbilityBehaviorTest.ElectricSurgeSetsElectricTerrainOnEntry" time elapsed: 00:00:00
----------------------------------------------------------

52/172 Testing: AbilityBehaviorTest.PsychicSurgeSetsPsychicTerrainOnEntry
52/172 Test: AbilityBehaviorTest.PsychicSurgeSetsPsychicTerrainOnEntry
Command: "/home/qzz/PokemonSimulator/build/PokemonSimulatorTests" "--gtest_filter=AbilityBehaviorTest.PsychicSurgeSetsPsychicTerrainOnEntry" "--gtest_also_run_disabled_tests"
Directory: /home/qzz/PokemonSimulator/build
"AbilityBehaviorTest.PsychicSurgeSetsPsychicTerrainOnEntry" start time: May 15 00:11 CST
Output:
----------------------------------------------------------
Running main() from /home/qzz/PokemonSimulator/build/_deps/googletest-src/googletest/src/gtest_main.cc
Note: Google Test filter = AbilityBehaviorTest.PsychicSurgeSetsPsychicTerrainOnEntry
[==========] Running 1 test from 1 test suite.
[----------] Global test environment set-up.
[----------] 1 test from AbilityBehaviorTest
[ RUN      ] AbilityBehaviorTest.PsychicSurgeSetsPsychicTerrainOnEntry
[       OK ] AbilityBehaviorTest.PsychicSurgeSetsPsychicTerrainOnEntry (75 ms)
[----------] 1 test from AbilityBehaviorTest (75 ms total)

[----------] Global test environment tear-down
[==========] 1 test from 1 test suite ran. (75 ms total)
[  PASSED  ] 1 test.
<end of output>
Test time =   0.08 sec
----------------------------------------------------------
Test Passed.
"AbilityBehaviorTest.PsychicSurgeSetsPsychicTerrainOnEntry" end time: May 15 00:11 CST
"AbilityBehaviorTest.PsychicSurgeSetsPsychicTerrainOnEntry" time elapsed: 00:00:00
----------------------------------------------------------

53/172 Testing: AbilityBehaviorTest.MistySurgeSetsMistyTerrainOnEntry
53/172 Test: AbilityBehaviorTest.MistySurgeSetsMistyTerrainOnEntry
Command: "/home/qzz/PokemonSimulator/build/PokemonSimulatorTests" "--gtest_filter=AbilityBehaviorTest.MistySurgeSetsMistyTerrainOnEntry" "--gtest_also_run_disabled_tests"
Directory: /home/qzz/PokemonSimulator/build
"AbilityBehaviorTest.MistySurgeSetsMistyTerrainOnEntry" start time: May 15 00:11 CST
Output:
----------------------------------------------------------
Running main() from /home/qzz/PokemonSimulator/build/_deps/googletest-src/googletest/src/gtest_main.cc
Note: Google Test filter = AbilityBehaviorTest.MistySurgeSetsMistyTerrainOnEntry
[==========] Running 1 test from 1 test suite.
[----------] Global test environment set-up.
[----------] 1 test from AbilityBehaviorTest
[ RUN      ] AbilityBehaviorTest.MistySurgeSetsMistyTerrainOnEntry
[       OK ] AbilityBehaviorTest.MistySurgeSetsMistyTerrainOnEntry (76 ms)
[----------] 1 test from AbilityBehaviorTest (76 ms total)

[----------] Global test environment tear-down
[==========] 1 test from 1 test suite ran. (77 ms total)
[  PASSED  ] 1 test.
<end of output>
Test time =   0.09 sec
----------------------------------------------------------
Test Passed.
"AbilityBehaviorTest.MistySurgeSetsMistyTerrainOnEntry" end time: May 15 00:11 CST
"AbilityBehaviorTest.MistySurgeSetsMistyTerrainOnEntry" time elapsed: 00:00:00
----------------------------------------------------------

54/172 Testing: AbilityBehaviorTest.HadronEngineSetsElectricTerrainAndBoostsSpecialDamage
54/172 Test: AbilityBehaviorTest.HadronEngineSetsElectricTerrainAndBoostsSpecialDamage
Command: "/home/qzz/PokemonSimulator/build/PokemonSimulatorTests" "--gtest_filter=AbilityBehaviorTest.HadronEngineSetsElectricTerrainAndBoostsSpecialDamage" "--gtest_also_run_disabled_tests"
Directory: /home/qzz/PokemonSimulator/build
"AbilityBehaviorTest.HadronEngineSetsElectricTerrainAndBoostsSpecialDamage" start time: May 15 00:11 CST
Output:
----------------------------------------------------------
Running main() from /home/qzz/PokemonSimulator/build/_deps/googletest-src/googletest/src/gtest_main.cc
Note: Google Test filter = AbilityBehaviorTest.HadronEngineSetsElectricTerrainAndBoostsSpecialDamage
[==========] Running 1 test from 1 test suite.
[----------] Global test environment set-up.
[----------] 1 test from AbilityBehaviorTest
[ RUN      ] AbilityBehaviorTest.HadronEngineSetsElectricTerrainAndBoostsSpecialDamage
[       OK ] AbilityBehaviorTest.HadronEngineSetsElectricTerrainAndBoostsSpecialDamage (81 ms)
[----------] 1 test from AbilityBehaviorTest (81 ms total)

[----------] Global test environment tear-down
[==========] 1 test from 1 test suite ran. (81 ms total)
[  PASSED  ] 1 test.
<end of output>
Test time =   0.09 sec
----------------------------------------------------------
Test Passed.
[...]

160/172 Testing: MoveBehaviorTest.SleepPreventsActionUntilItExpires
160/172 Test: MoveBehaviorTest.SleepPreventsActionUntilItExpires
Command: "/home/qzz/PokemonSimulator/build/PokemonSimulatorTests" "--gtest_filter=MoveBehaviorTest.SleepPreventsActionUntilItExpires" "--gtest_also_run_disabled_tests"
Directory: /home/qzz/PokemonSimulator/build
"MoveBehaviorTest.SleepPreventsActionUntilItExpires" start time: May 15 00:11 CST
Output:
----------------------------------------------------------
Running main() from /home/qzz/PokemonSimulator/build/_deps/googletest-src/googletest/src/gtest_main.cc
Note: Google Test filter = MoveBehaviorTest.SleepPreventsActionUntilItExpires
[==========] Running 1 test from 1 test suite.
[----------] Global test environment set-up.
[----------] 1 test from MoveBehaviorTest
[ RUN      ] MoveBehaviorTest.SleepPreventsActionUntilItExpires
[       OK ] MoveBehaviorTest.SleepPreventsActionUntilItExpires (92 ms)
[----------] 1 test from MoveBehaviorTest (92 ms total)

[----------] Global test environment tear-down
[==========] 1 test from 1 test suite ran. (92 ms total)
[  PASSED  ] 1 test.
<end of output>
Test time =   0.10 sec
----------------------------------------------------------
Test Passed.
"MoveBehaviorTest.SleepPreventsActionUntilItExpires" end time: May 15 00:11 CST
"MoveBehaviorTest.SleepPreventsActionUntilItExpires" time elapsed: 00:00:00
----------------------------------------------------------

161/172 Testing: MoveBehaviorTest.JumpKickMissDealsCrashRecoilToUser
161/172 Test: MoveBehaviorTest.JumpKickMissDealsCrashRecoilToUser
Command: "/home/qzz/PokemonSimulator/build/PokemonSimulatorTests" "--gtest_filter=MoveBehaviorTest.JumpKickMissDealsCrashRecoilToUser" "--gtest_also_run_disabled_tests"
Directory: /home/qzz/PokemonSimulator/build
"MoveBehaviorTest.JumpKickMissDealsCrashRecoilToUser" start time: May 15 00:11 CST
Output:
----------------------------------------------------------
Running main() from /home/qzz/PokemonSimulator/build/_deps/googletest-src/googletest/src/gtest_main.cc
Note: Google Test filter = MoveBehaviorTest.JumpKickMissDealsCrashRecoilToUser
[==========] Running 1 test from 1 test suite.
[----------] Global test environment set-up.
[----------] 1 test from MoveBehaviorTest
[ RUN      ] MoveBehaviorTest.JumpKickMissDealsCrashRecoilToUser
[       OK ] MoveBehaviorTest.JumpKickMissDealsCrashRecoilToUser (73 ms)
[----------] 1 test from MoveBehaviorTest (73 ms total)

[----------] Global test environment tear-down
[==========] 1 test from 1 test suite ran. (73 ms total)
[  PASSED  ] 1 test.
<end of output>
Test time =   0.08 sec
----------------------------------------------------------
Test Passed.
"MoveBehaviorTest.JumpKickMissDealsCrashRecoilToUser" end time: May 15 00:11 CST
"MoveBehaviorTest.JumpKickMissDealsCrashRecoilToUser" time elapsed: 00:00:00
----------------------------------------------------------

162/172 Testing: MoveBehaviorTest.CloseCombatLowersUsersAttackAndDefenseOnHit
162/172 Test: MoveBehaviorTest.CloseCombatLowersUsersAttackAndDefenseOnHit
Command: "/home/qzz/PokemonSimulator/build/PokemonSimulatorTests" "--gtest_filter=MoveBehaviorTest.CloseCombatLowersUsersAttackAndDefenseOnHit" "--gtest_also_run_disabled_tests"
Directory: /home/qzz/PokemonSimulator/build
"MoveBehaviorTest.CloseCombatLowersUsersAttackAndDefenseOnHit" start time: May 15 00:11 CST
Output:
----------------------------------------------------------
Running main() from /home/qzz/PokemonSimulator/build/_deps/googletest-src/googletest/src/gtest_main.cc
Note: Google Test filter = MoveBehaviorTest.CloseCombatLowersUsersAttackAndDefenseOnHit
[==========] Running 1 test from 1 test suite.
[----------] Global test environment set-up.
[----------] 1 test from MoveBehaviorTest
[ RUN      ] MoveBehaviorTest.CloseCombatLowersUsersAttackAndDefenseOnHit
[       OK ] MoveBehaviorTest.CloseCombatLowersUsersAttackAndDefenseOnHit (72 ms)
[----------] 1 test from MoveBehaviorTest (72 ms total)

[----------] Global test environment tear-down
[==========] 1 test from 1 test suite ran. (72 ms total)
[  PASSED  ] 1 test.
<end of output>
Test time =   0.08 sec
----------------------------------------------------------
Test Passed.
"MoveBehaviorTest.CloseCombatLowersUsersAttackAndDefenseOnHit" end time: May 15 00:11 CST
"MoveBehaviorTest.CloseCombatLowersUsersAttackAndDefenseOnHit" time elapsed: 00:00:00
----------------------------------------------------------

163/172 Testing: BattleEventTest.ActionHooksEmitBeforeAndAfterResolve
163/172 Test: BattleEventTest.ActionHooksEmitBeforeAndAfterResolve
Command: "/home/qzz/PokemonSimulator/build/PokemonSimulatorTests" "--gtest_filter=BattleEventTest.ActionHooksEmitBeforeAndAfterResolve" "--gtest_also_run_disabled_tests"
Directory: /home/qzz/PokemonSimulator/build
"BattleEventTest.ActionHooksEmitBeforeAndAfterResolve" start time: May 15 00:11 CST
Output:
----------------------------------------------------------
Running main() from /home/qzz/PokemonSimulator/build/_deps/googletest-src/googletest/src/gtest_main.cc
Note: Google Test filter = BattleEventTest.ActionHooksEmitBeforeAndAfterResolve
[==========] Running 1 test from 1 test suite.
[----------] Global test environment set-up.
[----------] 1 test from BattleEventTest
[ RUN      ] BattleEventTest.ActionHooksEmitBeforeAndAfterResolve
[       OK ] BattleEventTest.ActionHooksEmitBeforeAndAfterResolve (78 ms)
[----------] 1 test from BattleEventTest (78 ms total)

[----------] Global test environment tear-down
[==========] 1 test from 1 test suite ran. (78 ms total)
[  PASSED  ] 1 test.
<end of output>
Test time =   0.09 sec
----------------------------------------------------------
Test Passed.
"BattleEventTest.ActionHooksEmitBeforeAndAfterResolve" end time: May 15 00:11 CST
"BattleEventTest.ActionHooksEmitBeforeAndAfterResolve" time elapsed: 00:00:00
----------------------------------------------------------

164/172 Testing: BattleSessionTest.RejectsDuplicateActionFromSameSideInSingles
164/172 Test: BattleSessionTest.RejectsDuplicateActionFromSameSideInSingles
Command: "/home/qzz/PokemonSimulator/build/PokemonSimulatorTests" "--gtest_filter=BattleSessionTest.RejectsDuplicateActionFromSameSideInSingles" "--gtest_also_run_disabled_tests"
Directory: /home/qzz/PokemonSimulator/build
"BattleSessionTest.RejectsDuplicateActionFromSameSideInSingles" start time: May 15 00:11 CST
Output:
----------------------------------------------------------
Running main() from /home/qzz/PokemonSimulator/build/_deps/googletest-src/googletest/src/gtest_main.cc
Note: Google Test filter = BattleSessionTest.RejectsDuplicateActionFromSameSideInSingles
[==========] Running 1 test from 1 test suite.
[----------] Global test environment set-up.
[----------] 1 test from BattleSessionTest
[ RUN      ] BattleSessionTest.RejectsDuplicateActionFromSameSideInSingles
[       OK ] BattleSessionTest.RejectsDuplicateActionFromSameSideInSingles (115 ms)
[----------] 1 test from BattleSessionTest (115 ms total)

[----------] Global test environment tear-down
[==========] 1 test from 1 test suite ran. (115 ms total)
[  PASSED  ] 1 test.
<end of output>
Test time =   0.12 sec
----------------------------------------------------------
Test Passed.
"BattleSessionTest.RejectsDuplicateActionFromSameSideInSingles" end time: May 15 00:11 CST
"BattleSessionTest.RejectsDuplicateActionFromSameSideInSingles" time elapsed: 00:00:00
----------------------------------------------------------

165/172 Testing: BattleSessionTest.RejectsAttackWithBothMoveIndexAndMoveName
165/172 Test: BattleSessionTest.RejectsAttackWithBothMoveIndexAndMoveName
Command: "/home/qzz/PokemonSimulator/build/PokemonSimulatorTests" "--gtest_filter=BattleSessionTest.RejectsAttackWithBothMoveIndexAndMoveName" "--gtest_also_run_disabled_tests"
Directory: /home/qzz/PokemonSimulator/build
"BattleSessionTest.RejectsAttackWithBothMoveIndexAndMoveName" start time: May 15 00:11 CST
Output:
----------------------------------------------------------
Running main() from /home/qzz/PokemonSimulator/build/_deps/googletest-src/googletest/src/gtest_main.cc
Note: Google Test filter = BattleSessionTest.RejectsAttackWithBothMoveIndexAndMoveName
[==========] Running 1 test from 1 test suite.
[----------] Global test environment set-up.
[----------] 1 test from BattleSessionTest
[ RUN      ] BattleSessionTest.RejectsAttackWithBothMoveIndexAndMoveName
[       OK ] BattleSessionTest.RejectsAttackWithBothMoveIndexAndMoveName (115 ms)
[----------] 1 test from BattleSessionTest (115 ms total)

[----------] Global test environment tear-down
[==========] 1 test from 1 test suite ran. (116 ms total)
[  PASSED  ] 1 test.
<end of output>
Test time =   0.12 sec
----------------------------------------------------------
Test Passed.
"BattleSessionTest.RejectsAttackWithBothMoveIndexAndMoveName" end time: May 15 00:11 CST
"BattleSessionTest.RejectsAttackWithBothMoveIndexAndMoveName" time elapsed: 00:00:00
----------------------------------------------------------

166/172 Testing: BattleSessionTest.RejectsBenchActorForAttackInSinglesMode
166/172 Test: BattleSessionTest.RejectsBenchActorForAttackInSinglesMode
Command: "/home/qzz/PokemonSimulator/build/PokemonSimulatorTests" "--gtest_filter=BattleSessionTest.RejectsBenchActorForAttackInSinglesMode" "--gtest_also_run_disabled_tests"
Directory: /home/qzz/PokemonSimulator/build
"BattleSessionTest.RejectsBenchActorForAttackInSinglesMode" start time: May 15 00:11 CST
Output:
----------------------------------------------------------
Running main() from /home/qzz/PokemonSimulator/build/_deps/googletest-src/googletest/src/gtest_main.cc
Note: Google Test filter = BattleSessionTest.RejectsBenchActorForAttackInSinglesMode
[==========] Running 1 test from 1 test suite.
[----------] Global test environment set-up.
[----------] 1 test from BattleSessionTest
[ RUN      ] BattleSessionTest.RejectsBenchActorForAttackInSinglesMode
[       OK ] BattleSessionTest.RejectsBenchActorForAttackInSinglesMode (144 ms)
[----------] 1 test from BattleSessionTest (144 ms total)

[----------] Global test environment tear-down
[==========] 1 test from 1 test suite ran. (144 ms total)
[  PASSED  ] 1 test.
<end of output>
Test time =   0.15 sec
----------------------------------------------------------
Test Passed.
"BattleSessionTest.RejectsBenchActorForAttackInSinglesMode" end time: May 15 00:11 CST
"BattleSessionTest.RejectsBenchActorForAttackInSinglesMode" time elapsed: 00:00:00
----------------------------------------------------------

167/172 Testing: BattleSessionTest.AcceptsTargetIndexAliasForSwitchAction
167/172 Test: BattleSessionTest.AcceptsTargetIndexAliasForSwitchAction
Command: "/home/qzz/PokemonSimulator/build/PokemonSimulatorTests" "--gtest_filter=BattleSessionTest.AcceptsTargetIndexAliasForSwitchAction" "--gtest_also_run_disabled_tests"
Directory: /home/qzz/PokemonSimulator/build
"BattleSessionTest.AcceptsTargetIndexAliasForSwitchAction" start time: May 15 00:11 CST
Output:
----------------------------------------------------------
Running main() from /home/qzz/PokemonSimulator/build/_deps/googletest-src/googletest/src/gtest_main.cc
Note: Google Test filter = BattleSessionTest.AcceptsTargetIndexAliasForSwitchAction
[==========] Running 1 test from 1 test suite.
[----------] Global test environment set-up.
[----------] 1 test from BattleSessionTest
[ RUN      ] BattleSessionTest.AcceptsTargetIndexAliasForSwitchAction
[       OK ] BattleSessionTest.AcceptsTargetIndexAliasForSwitchAction (167 ms)
[----------] 1 test from BattleSessionTest (167 ms total)

[----------] Global test environment tear-down
[==========] 1 test from 1 test suite ran. (167 ms total)
[  PASSED  ] 1 test.
<end of output>
Test time =   0.18 sec
----------------------------------------------------------
Test Passed.
"BattleSessionTest.AcceptsTargetIndexAliasForSwitchAction" end time: May 15 00:11 CST
"BattleSessionTest.AcceptsTargetIndexAliasForSwitchAction" time elapsed: 00:00:00
----------------------------------------------------------

168/172 Testing: BattleSessionTest.SeededSessionsProduceIdenticalRngDependentResults
168/172 Test: BattleSessionTest.SeededSessionsProduceIdenticalRngDependentResults
Command: "/home/qzz/PokemonSimulator/build/PokemonSimulatorTests" "--gtest_filter=BattleSessionTest.SeededSessionsProduceIdenticalRngDependentResults" "--gtest_also_run_disabled_tests"
Directory: /home/qzz/PokemonSimulator/build
"BattleSessionTest.SeededSessionsProduceIdenticalRngDependentResults" start time: May 15 00:11 CST
Output:
----------------------------------------------------------
Running main() from /home/qzz/PokemonSimulator/build/_deps/googletest-src/googletest/src/gtest_main.cc
Note: Google Test filter = BattleSessionTest.SeededSessionsProduceIdenticalRngDependentResults
[==========] Running 1 test from 1 test suite.
[----------] Global test environment set-up.
[----------] 1 test from BattleSessionTest
[ RUN      ] BattleSessionTest.SeededSessionsProduceIdenticalRngDependentResults
[       OK ] BattleSessionTest.SeededSessionsProduceIdenticalRngDependentResults (237 ms)
[----------] 1 test from BattleSessionTest (237 ms total)

[----------] Global test environment tear-down
[==========] 1 test from 1 test suite ran. (237 ms total)
[  PASSED  ] 1 test.
<end of output>
Test time =   0.25 sec
----------------------------------------------------------
Test Passed.
"BattleSessionTest.SeededSessionsProduceIdenticalRngDependentResults" end time: May 15 00:11 CST
"BattleSessionTest.SeededSessionsProduceIdenticalRngDependentResults" time elapsed: 00:00:00
----------------------------------------------------------

169/172 Testing: BattleSessionTest.TwoMovesThenSwitchUsesRealSpecies
169/172 Test: BattleSessionTest.TwoMovesThenSwitchUsesRealSpecies
Command: "/home/qzz/PokemonSimulator/build/PokemonSimulatorTests" "--gtest_filter=BattleSessionTest.TwoMovesThenSwitchUsesRealSpecies" "--gtest_also_run_disabled_tests"
Directory: /home/qzz/PokemonSimulator/build
"BattleSessionTest.TwoMovesThenSwitchUsesRealSpecies" start time: May 15 00:11 CST
Output:
----------------------------------------------------------
Running main() from /home/qzz/PokemonSimulator/build/_deps/googletest-src/googletest/src/gtest_main.cc
Note: Google Test filter = BattleSessionTest.TwoMovesThenSwitchUsesRealSpecies
[==========] Running 1 test from 1 test suite.
[----------] Global test environment set-up.
[----------] 1 test from BattleSessionTest
[ RUN      ] BattleSessionTest.TwoMovesThenSwitchUsesRealSpecies
[       OK ] BattleSessionTest.TwoMovesThenSwitchUsesRealSpecies (255 ms)
[----------] 1 test from BattleSessionTest (256 ms total)

[----------] Global test environment tear-down
[==========] 1 test from 1 test suite ran. (256 ms total)
[  PASSED  ] 1 test.
<end of output>
Test time =   0.26 sec
----------------------------------------------------------
Test Passed.
"BattleSessionTest.TwoMovesThenSwitchUsesRealSpecies" end time: May 15 00:11 CST
"BattleSessionTest.TwoMovesThenSwitchUsesRealSpecies" time elapsed: 00:00:00
----------------------------------------------------------

170/172 Testing: BattleSessionTest.LoadSpeciesFromJsonThenBuildPokemon
170/172 Test: BattleSessionTest.LoadSpeciesFromJsonThenBuildPokemon
Command: "/home/qzz/PokemonSimulator/build/PokemonSimulatorTests" "--gtest_filter=BattleSessionTest.LoadSpeciesFromJsonThenBuildPokemon" "--gtest_also_run_disabled_tests"
Directory: /home/qzz/PokemonSimulator/build
"BattleSessionTest.LoadSpeciesFromJsonThenBuildPokemon" start time: May 15 00:11 CST
Output:
----------------------------------------------------------
Running main() from /home/qzz/PokemonSimulator/build/_deps/googletest-src/googletest/src/gtest_main.cc
Note: Google Test filter = BattleSessionTest.LoadSpeciesFromJsonThenBuildPokemon
[==========] Running 1 test from 1 test suite.
[----------] Global test environment set-up.
[----------] 1 test from BattleSessionTest
[ RUN      ] BattleSessionTest.LoadSpeciesFromJsonThenBuildPokemon
[       OK ] BattleSessionTest.LoadSpeciesFromJsonThenBuildPokemon (26 ms)
[----------] 1 test from BattleSessionTest (26 ms total)

[----------] Global test environment tear-down
[==========] 1 test from 1 test suite ran. (26 ms total)
[  PASSED  ] 1 test.
<end of output>
Test time =   0.03 sec
----------------------------------------------------------
Test Passed.
"BattleSessionTest.LoadSpeciesFromJsonThenBuildPokemon" end time: May 15 00:11 CST
"BattleSessionTest.LoadSpeciesFromJsonThenBuildPokemon" time elapsed: 00:00:00
----------------------------------------------------------

171/172 Testing: BattleFlowIntegrationTest.FullBattleFlowIncludesRequestedMechanicsAndOutputs
171/172 Test: BattleFlowIntegrationTest.FullBattleFlowIncludesRequestedMechanicsAndOutputs
Command: "/home/qzz/PokemonSimulator/build/PokemonSimulatorTests" "--gtest_filter=BattleFlowIntegrationTest.FullBattleFlowIncludesRequestedMechanicsAndOutputs" "--gtest_also_run_disabled_tests"
Directory: /home/qzz/PokemonSimulator/build
"BattleFlowIntegrationTest.FullBattleFlowIncludesRequestedMechanicsAndOutputs" start time: May 15 00:11 CST
Output:
----------------------------------------------------------
Running main() from /home/qzz/PokemonSimulator/build/_deps/googletest-src/googletest/src/gtest_main.cc
Note: Google Test filter = BattleFlowIntegrationTest.FullBattleFlowIncludesRequestedMechanicsAndOutputs
[==========] Running 1 test from 1 test suite.
[----------] Global test environment set-up.
[----------] 1 test from BattleFlowIntegrationTest
[ RUN      ] BattleFlowIntegrationTest.FullBattleFlowIncludesRequestedMechanicsAndOutputs
[       OK ] BattleFlowIntegrationTest.FullBattleFlowIncludesRequestedMechanicsAndOutputs (4794 ms)
[----------] 1 test from BattleFlowIntegrationTest (4794 ms total)

[----------] Global test environment tear-down
[==========] 1 test from 1 test suite ran. (4794 ms total)
[  PASSED  ] 1 test.
<end of output>
Test time =   4.80 sec
----------------------------------------------------------
Test Passed.
"BattleFlowIntegrationTest.FullBattleFlowIncludesRequestedMechanicsAndOutputs" end time: May 15 00:11 CST
"BattleFlowIntegrationTest.FullBattleFlowIncludesRequestedMechanicsAndOutputs" time elapsed: 00:00:04
----------------------------------------------------------

172/172 Testing: BattleFlowIntegrationTest.ThreeVThreeTwoMovesThenSwitchSimulation
172/172 Test: BattleFlowIntegrationTest.ThreeVThreeTwoMovesThenSwitchSimulation
Command: "/home/qzz/PokemonSimulator/build/PokemonSimulatorTests" "--gtest_filter=BattleFlowIntegrationTest.ThreeVThreeTwoMovesThenSwitchSimulation" "--gtest_also_run_disabled_tests"
Directory: /home/qzz/PokemonSimulator/build
"BattleFlowIntegrationTest.ThreeVThreeTwoMovesThenSwitchSimulation" start time: May 15 00:11 CST
Output:
----------------------------------------------------------
Running main() from /home/qzz/PokemonSimulator/build/_deps/googletest-src/googletest/src/gtest_main.cc
Note: Google Test filter = BattleFlowIntegrationTest.ThreeVThreeTwoMovesThenSwitchSimulation
[==========] Running 1 test from 1 test suite.
[----------] Global test environment set-up.
[----------] 1 test from BattleFlowIntegrationTest
[ RUN      ] BattleFlowIntegrationTest.ThreeVThreeTwoMovesThenSwitchSimulation
[       OK ] BattleFlowIntegrationTest.ThreeVThreeTwoMovesThenSwitchSimulation (294 ms)
[----------] 1 test from BattleFlowIntegrationTest (294 ms total)

[----------] Global test environment tear-down
[==========] 1 test from 1 test suite ran. (294 ms total)
[  PASSED  ] 1 test.
<end of output>
Test time =   0.30 sec
----------------------------------------------------------
Test Passed.
"BattleFlowIntegrationTest.ThreeVThreeTwoMovesThenSwitchSimulation" end time: May 15 00:11 CST
"BattleFlowIntegrationTest.ThreeVThreeTwoMovesThenSwitchSimulation" time elapsed: 00:00:00
----------------------------------------------------------

End testing: May 15 00:11 CST
