Start testing: Apr 11 00:03 CST
----------------------------------------------------------
39/39 Testing: BattleEventTest.ActionHooksEmitBeforeAndAfterResolve
39/39 Test: BattleEventTest.ActionHooksEmitBeforeAndAfterResolve
Command: "/home/qzz/PokemonSimulator/build/PokemonSimulatorTests" "--gtest_filter=BattleEventTest.ActionHooksEmitBeforeAndAfterResolve" "--gtest_also_run_disabled_tests"
Directory: /home/qzz/PokemonSimulator/build
"BattleEventTest.ActionHooksEmitBeforeAndAfterResolve" start time: Apr 11 00:03 CST
Output:
----------------------------------------------------------
Running main() from /home/qzz/PokemonSimulator/build/_deps/googletest-src/googletest/src/gtest_main.cc
Note: Google Test filter = BattleEventTest.ActionHooksEmitBeforeAndAfterResolve
[==========] Running 1 test from 1 test suite.
[----------] Global test environment set-up.
[----------] 1 test from BattleEventTest
[ RUN      ] BattleEventTest.ActionHooksEmitBeforeAndAfterResolve
[       OK ] BattleEventTest.ActionHooksEmitBeforeAndAfterResolve (22 ms)
[----------] 1 test from BattleEventTest (22 ms total)

[----------] Global test environment tear-down
[==========] 1 test from 1 test suite ran. (22 ms total)
[  PASSED  ] 1 test.
<end of output>
Test time =   0.03 sec
----------------------------------------------------------
Test Passed.
"BattleEventTest.ActionHooksEmitBeforeAndAfterResolve" end time: Apr 11 00:03 CST
"BattleEventTest.ActionHooksEmitBeforeAndAfterResolve" time elapsed: 00:00:00
----------------------------------------------------------

End testing: Apr 11 00:03 CST
