<?xml version="1.0" encoding="UTF-8"?>
<Site BuildName="Linux-g++"
	BuildStamp="20260411-1251-Experimental"
	Name="ThatsAMistake"
	Generator="ctest-3.28.3"
	CompilerName="/usr/bin/g++"
	CompilerVersion="13.3.0"
	OSName="Linux"
	Hostname="ThatsAMistake"
	OSRelease="6.6.87.2-microsoft-standard-WSL2"
	OSVersion="#1 SMP PREEMPT_DYNAMIC Thu Jun  5 18:30:46 UTC 2025"
	OSPlatform="x86_64"
	Is64Bits="1"
	VendorString="AuthenticAMD"
	VendorID="Advanced Micro Devices"
	FamilyID="25"
	ModelID="68"
	ProcessorCacheSize="512"
	NumberOfLogicalCPU="16"
	NumberOfPhysicalCPU="8"
	TotalVirtualMemory="2048"
	TotalPhysicalMemory="7558"
	LogicalProcessorsPerPhysical="2"
	ProcessorClockFrequency="3194"
	>
	<Testing>
		<StartDateTime>Apr 11 23:18 CST</StartDateTime>
		<StartTestTime>1775920738</StartTestTime>
		<TestList>
			<Test>./BattleEventTest.ActionHooksEmitBeforeAndAfterResolve</Test>
		</TestList>
		<Test Status="passed">
			<Name>BattleEventTest.ActionHooksEmitBeforeAndAfterResolve</Name>
			<Path>.</Path>
			<FullName>./BattleEventTest.ActionHooksEmitBeforeAndAfterResolve</FullName>
			<FullCommandLine>/home/qzz/PokemonSimulator/build/PokemonSimulatorTests "--gtest_filter=BattleEventTest.ActionHooksEmitBeforeAndAfterResolve" "--gtest_also_run_disabled_tests"</FullCommandLine>
			<Results>
				<NamedMeasurement type="numeric/double" name="Execution Time">
					<Value>0.0321341</Value>
				</NamedMeasurement>
				<NamedMeasurement type="numeric/double" name="Processors">
					<Value>1</Value>
				</NamedMeasurement>
				<NamedMeasurement type="text/string" name="Completion Status">
					<Value>Completed</Value>
				</NamedMeasurement>
				<NamedMeasurement type="text/string" name="Command Line">
					<Value>/home/qzz/PokemonSimulator/build/PokemonSimulatorTests "--gtest_filter=BattleEventTest.ActionHooksEmitBeforeAndAfterResolve" "--gtest_also_run_disabled_tests"</Value>
				</NamedMeasurement>
				<NamedMeasurement type="text/string" name="Environment">
					<Value>#CTEST_RESOURCE_GROUP_COUNT=</Value>
				</NamedMeasurement>
				<Measurement>
					<Value encoding="base64" compression="gzip">eJydUMtqw0AMvPsrdIwP9rY9FnJwqEmhkAa7PYUQNrbsLtldpbtyCvn6+kVIDYUQnSRmNNJM1lirbA1GKjsLoXJkQHyRQfF9Pos1HdCQzZVptGRyYt8oXYpdiUcvaqJaI6PnyLviahT92HW7TjYuimBFjM+w7Cnw0SJQKc3oYA4LyawxPaHlDoiTghXZV6KDT43iBVbkMLFlUrX8DD3pEwab+aW2kI0eHoF75c7D2PtGMcbBJrrUFpaa9lIPONqTcmRNexw8ctQcJ+RrzcmnwQayzxX0tb3TxrAN7293KsDs6QGMD29+elwAJpY6DG5LhlG6qKQf+zf3//IGJ208OdQ6XSd5nr50WQ3kOPgF7RvUkg==</Value>
				</Measurement>
			</Results>
		</Test>
		<EndDateTime>Apr 11 23:18 CST</EndDateTime>
		<EndTestTime>1775920738</EndTestTime>
		<ElapsedMinutes>0</ElapsedMinutes>
	</Testing>
</Site>
