<?xml version="1.0" encoding="UTF-8"?>
<Site BuildName="Linux-g++"
	BuildStamp="20260408-1247-Experimental"
	Name="ThatsAMistake"
	Generator="ctest-3.28.3"
	CompilerName="/usr/bin/g++"
	CompilerVersion="13.3.0"
	OSName="Linux"
	Hostname="ThatsAMistake"
	OSRelease="6.6.87.2-microsoft-standard-WSL2"
	OSVersion="#1 SMP PREEMPT_DYNAMIC Thu Jun  5 18:30:46 UTC 2025"
	OSPlatform="x86_64"
	Is64Bits="1"
	VendorString="AuthenticAMD"
	VendorID="Advanced Micro Devices"
	FamilyID="25"
	ModelID="68"
	ProcessorCacheSize="512"
	NumberOfLogicalCPU="16"
	NumberOfPhysicalCPU="8"
	TotalVirtualMemory="2048"
	TotalPhysicalMemory="7558"
	LogicalProcessorsPerPhysical="2"
	ProcessorClockFrequency="3194"
	>
	<Testing>
		<StartDateTime>Apr 08 23:04 CST</StartDateTime>
		<StartTestTime>1775660655</StartTestTime>
		<TestList>
			<Test>./BattleLogicTest.DragonDanceRaisesAttackAndSpeed</Test>
		</TestList>
		<Test Status="passed">
			<Name>BattleLogicTest.DragonDanceRaisesAttackAndSpeed</Name>
			<Path>.</Path>
			<FullName>./BattleLogicTest.DragonDanceRaisesAttackAndSpeed</FullName>
			<FullCommandLine>/home/qzz/PokemonSimulator/build/PokemonSimulatorTests "--gtest_filter=BattleLogicTest.DragonDanceRaisesAttackAndSpeed" "--gtest_also_run_disabled_tests"</FullCommandLine>
			<Results>
				<NamedMeasurement type="numeric/double" name="Execution Time">
					<Value>0.0160939</Value>
				</NamedMeasurement>
				<NamedMeasurement type="numeric/double" name="Processors">
					<Value>1</Value>
				</NamedMeasurement>
				<NamedMeasurement type="text/string" name="Completion Status">
					<Value>Completed</Value>
				</NamedMeasurement>
				<NamedMeasurement type="text/string" name="Command Line">
					<Value>/home/qzz/PokemonSimulator/build/PokemonSimulatorTests "--gtest_filter=BattleLogicTest.DragonDanceRaisesAttackAndSpeed" "--gtest_also_run_disabled_tests"</Value>
				</NamedMeasurement>
				<NamedMeasurement type="text/string" name="Environment">
					<Value>#CTEST_RESOURCE_GROUP_COUNT=</Value>
				</NamedMeasurement>
				<Measurement>
					<Value encoding="base64" compression="gzip">eJyVUD1rw0AM3f0rNCaDfXTpUMjgkpKhJQ12O5kQLrbiHrmT3Du5hfz6+iOEJFBI3iTxnqSnl7VEhmpw2tBkCjvPDtQXO1Tfh4Na8R4dU25ca7WwV9vW2EptKmyCqplri4JB4uDLs1YNbV9t+rVJWUZLFnyCxSCBj46BnbGCHmbwrEUsvnFtyp5I5l7XTHNNJWbaBAypiC73KVV5g1hFxeyENWRH+w8gw9Le/rEOrRFMoiI+YQ0Ly1ttRx7px3gmh9RpUeK2uRKf77wyGRWQfS5hwPr+D8ZBeH+9fxgmj+DC9Ganox6ERdtpdFsagtrHFf/SZdb/ZQxeU3J5p/twleb5y7yPZ9Qm0R+6MM0a====</Value>
				</Measurement>
			</Results>
		</Test>
		<EndDateTime>Apr 08 23:04 CST</EndDateTime>
		<EndTestTime>1775660655</EndTestTime>
		<ElapsedMinutes>0</ElapsedMinutes>
	</Testing>
</Site>
